<?xml version="1.0" encoding="UTF-8"?>
<robot generator="Robot 6.1.1 (Python 3.11.4 on win32)" generated="20230816 09:57:58.880" rpa="false" schemaversion="4">
<suite id="s1" name="appDietStep" source="D:\qa-project\qa-automation-android-appium-robotframework\Step\appDietStep.robot">
<kw name="Start Session Apps" library="appDietPages" type="SETUP">
<kw name="Set Appium Timeout" library="AppiumLibrary">
<arg>10s</arg>
<doc>Sets the timeout in seconds used by various keywords.</doc>
<status status="PASS" starttime="20230816 09:57:59.098" endtime="20230816 09:57:59.098"/>
</kw>
<kw name="Open Application" library="AppiumLibrary">
<arg>http://localhost:4723/wd/hub</arg>
<arg>automationName=UiAutomator2</arg>
<arg>platformName=Android</arg>
<arg>deviceName=Redmi A1</arg>
<arg>appPackage=com.fghilmany.dietmealapp</arg>
<arg>appActivity=com.fghilmany.dietmealapp.ui.main.MainActivity</arg>
<arg>autoGrantPermissions=true</arg>
<arg>noReset=true</arg>
<doc>Opens a new application to given Appium server.
Capabilities of appium server, Android and iOS,
Please check https://github.com/appium/appium/blob/master/docs/en/writing-running-appium/server-args.md
| *Option*            | *Man.* | *Description*     |
| remote_url          | Yes    | Appium server url |
| alias               | no     | alias             |
| strict_ssl          | No     | allows you to send commands to an invalid certificate host like a self-signed one. |</doc>
<status status="PASS" starttime="20230816 09:57:59.098" endtime="20230816 09:58:11.442"/>
</kw>
<kw name="Sleep" library="BuiltIn">
<arg>1</arg>
<doc>Pauses the test executed for the given time.</doc>
<msg timestamp="20230816 09:58:12.442" level="INFO">Slept 1 second</msg>
<status status="PASS" starttime="20230816 09:58:11.442" endtime="20230816 09:58:12.442"/>
</kw>
<status status="PASS" starttime="20230816 09:57:59.098" endtime="20230816 09:58:12.442"/>
</kw>
<test id="s1-t1" name="As a user i want to open Diet apps" line="9">
<kw name="Sleep" library="BuiltIn">
<arg>5s</arg>
<doc>Pauses the test executed for the given time.</doc>
<msg timestamp="20230816 09:58:17.443" level="INFO">Slept 5 seconds</msg>
<status status="PASS" starttime="20230816 09:58:12.442" endtime="20230816 09:58:17.443"/>
</kw>
<kw name="Page Should Contain Text" library="AppiumLibrary">
<arg>Welcome</arg>
<doc>Verifies that current page contains `text`.</doc>
<msg timestamp="20230816 09:58:17.869" level="INFO">Current page contains text 'Welcome'.</msg>
<status status="PASS" starttime="20230816 09:58:17.443" endtime="20230816 09:58:17.869"/>
</kw>
<status status="PASS" starttime="20230816 09:58:12.442" endtime="20230816 09:58:17.869"/>
</test>
<test id="s1-t2" name="As a user i want to input my data" line="13">
<kw name="User Input Welcome Data" library="appDietPages">
<kw name="Input Text" library="AppiumLibrary">
<arg>${homePageNameField}</arg>
<arg>Ridho Suhaebi Arrowi</arg>
<doc>Types the given `text` into text field identified by `locator`.</doc>
<msg timestamp="20230816 09:58:17.885" level="INFO">Typing text 'Ridho Suhaebi Arrowi' into text field 'id=com.fghilmany.dietmealapp:id/et_name'</msg>
<msg timestamp="20230816 09:58:19.048" level="INFO">criteria is com.fghilmany.dietmealapp:id/et_name</msg>
<status status="PASS" starttime="20230816 09:58:17.885" endtime="20230816 09:58:19.048"/>
</kw>
<kw name="Input Text" library="AppiumLibrary">
<arg>${homePageWeightField}</arg>
<arg>65</arg>
<doc>Types the given `text` into text field identified by `locator`.</doc>
<msg timestamp="20230816 09:58:19.048" level="INFO">Typing text '65' into text field 'id=com.fghilmany.dietmealapp:id/et_weight'</msg>
<msg timestamp="20230816 09:58:20.276" level="INFO">criteria is com.fghilmany.dietmealapp:id/et_weight</msg>
<status status="PASS" starttime="20230816 09:58:19.048" endtime="20230816 09:58:20.276"/>
</kw>
<kw name="Input Text" library="AppiumLibrary">
<arg>${homePageHeightField}</arg>
<arg>179</arg>
<doc>Types the given `text` into text field identified by `locator`.</doc>
<msg timestamp="20230816 09:58:20.276" level="INFO">Typing text '179' into text field 'id=com.fghilmany.dietmealapp:id/et_height'</msg>
<msg timestamp="20230816 09:58:21.465" level="INFO">criteria is com.fghilmany.dietmealapp:id/et_height</msg>
<status status="PASS" starttime="20230816 09:58:20.276" endtime="20230816 09:58:21.465"/>
</kw>
<kw name="Tap" library="AppiumLibrary">
<arg>${homePageGenderMaleButton}</arg>
<doc>*DEPRECATED!!* Since selenium v4, use `Tap With Positions` keyword.</doc>
<msg timestamp="20230816 09:58:21.465" level="WARN">Keyword 'AppiumLibrary.Tap' is deprecated. Since selenium v4, use `Tap With Positions` keyword.</msg>
<msg timestamp="20230816 09:58:22.267" level="INFO">criteria is com.fghilmany.dietmealapp:id/rb_male</msg>
<status status="PASS" starttime="20230816 09:58:21.465" endtime="20230816 09:58:22.267"/>
</kw>
<status status="PASS" starttime="20230816 09:58:17.885" endtime="20230816 09:58:22.267"/>
</kw>
<kw name="User Tap Next Button" library="appDietPages">
<kw name="Tap" library="AppiumLibrary">
<arg>${homePageNextButton}</arg>
<doc>*DEPRECATED!!* Since selenium v4, use `Tap With Positions` keyword.</doc>
<msg timestamp="20230816 09:58:22.267" level="WARN">Keyword 'AppiumLibrary.Tap' is deprecated. Since selenium v4, use `Tap With Positions` keyword.</msg>
<msg timestamp="20230816 09:58:23.244" level="INFO">criteria is com.fghilmany.dietmealapp:id/bt_next</msg>
<status status="PASS" starttime="20230816 09:58:22.267" endtime="20230816 09:58:23.244"/>
</kw>
<status status="PASS" starttime="20230816 09:58:22.267" endtime="20230816 09:58:23.244"/>
</kw>
<status status="PASS" starttime="20230816 09:58:17.885" endtime="20230816 09:58:23.244"/>
</test>
<kw name="Close Apps" library="appDietPages" type="TEARDOWN">
<kw name="Capture Page Screenshot" library="AppiumLibrary">
<doc>Takes a screenshot of the current page and embeds it into the log.</doc>
<msg timestamp="20230816 09:58:24.167" level="INFO" html="true">&lt;/td&gt;&lt;/tr&gt;&lt;tr&gt;&lt;td colspan="3"&gt;&lt;img src="data:image/png;base64, iVBORw0KGgoAAAANSUhEUgAAAtAAAAZACAYAAABQfnXMAAAAAXNSR0IArs4c6QAAAARzQklUCAgI
CHwIZIgAACAASURBVHic7N13WFPXHwbwNwxBFBUXKoogVmU4cOJWrKvuWRVXrauOalvrbN2j/uqu
dqh1455tnVWx1bq1LhAnCqgoLkABGTm/PygRzA1wk5tA8P08D49yknvuN4GQN+eee66qlGMlASIi
IiIiyhKL7C6AiIiIiMicMEATEREREcnAAE1EREREJAMDNBERERGRDAzQREREREQyMEATEREREcnA
AE1EREREJAMDNBERERGRDAzQREREREQyMEATEREREcnAAE1EREREJAMDNBERERGRDFbZXQDlPnZ2
eVGhQnlUruoJH5+aKF/eFUWLFoEQAs+fv8CNG7dx5vR5XL50Dbdu3UV8fHx2l0xGZGGhQqFChTBl
6jh06dYeKpUq3e1CCOza+QemfDsHUVFRSE5WZ1OlREREWaMq5VhJZHcRlHt82LwJpkwdB6fSJWFj
Y6PzfkIIvHnzBqGhDzBh7FScPn3ehFWSKahUKgwa0g+Tp4yFEAIWFhkf8FKr1VCpVJgzawGWLV1p
oiqJ3h+eXpVQurQTPD0rpWsPDAxGePgDBF4LzqbKMlagoD2io2IU7bNuvdrYvnOt5G1dO/fDqZNn
Fd0f5T4cgSZFVKxYHhMmfYnmLZpq2t68eYOgwBsICbmPly+jAAAODoXg4uoMLy932NraokIFN2zf
tQ57/ziEObMX4F5IqEnrlvrDXLdebXh6VkSBAgVw6uRZRMfEpHtjMcYf86xwLVcW7u4VULRYEdjk
yYM8efIASAmqNjY2EEIgISEBQqR8Jk5ISMCbhAQ8jXyG69dvIuTufZPUqVKpUKt2dezcvV4z2vzu
qLOU1IA9YdKXOH36PC6cv2TUOolyuwIF7dGyZTO0at0MrVp/mKVtDuw/jAP7j+DgwSPZ8nfuXd0/
7oQyZZwwf97S7C6FKB2OQJPBatepgY2bVyJvXlsIIRAdFYO1azfhh8W/IDY2TnIbe/v8+HLMCPTo
0Qn2BeyhUqnw+nUsunXuh8uXr5mk7u4fd8K06ePRtUs/REfFYMHi2ahXr7bkfcPCHmD+90sRFBSM
7TvWYsrk77B1yy6T1Fm2bBnM/m4ymjRtYFA/xwJOYOKE6bh/L0yhyrRZWKiw7Kf5aNe+VZZCsy7n
zl5Epw694elZCdev3+C0DiIZypRxwpdjhqNVq2YoULCAXn1ER0XjwIEjWDBvGcLCHihcYdZ0/7gT
Fi6ejQXzlikSoFu1bgYPj5TR9zLOTuj+cSfJ+23dsgthoSmPOTAwGAcPHDF435T75MoAXbJkCbiW
KwsAuH37Lp48jpS1fVmXMihTxgkvX0bh1s27ePPmjTHK1FuJko5wKVsGaiEQcvceIiOfZVstrT/6
EN/PnwEHh0JISkrGil/WYOXK9Yh49DhL2zs5lcRnwz9Fv/49YWFhgadPn2H05xMQcPS4UetOe/gu
Pj4eiQmJsC9gn+l2iYmJsLa2BmCaw3xdurbHpG/HwNGxGAAgOTkZYWEPEPs6FrGxcZrR5qTkZACA
laWlZltbW1vYF8iPMmWcYPlf+7NnzzFj2vfYtnW34rVaWKjw1/F9KOfmYnBfarUaLmUqo2ixoti1
ZwMa1mvFEE2UBV+NGYEvxwxXtM/53y/FgvnLFO0zM6nhGYAiAXrajAkYOKivXtuuXLEOU76dY9D+
9WVontF3e2fn0nAuWxqPIyJx69YdeUW/J3JVgO7Xvyf6D/DDBx+U04x+JScn43rQTSz/ZQ12bP8t
w+2HjxiInr26an7ZgJRP4YcOHcOc2QuyHAql/LJiIRo2rJel+w7oP1xyTvCIkYPQuWt7VKjgpnl8
arUaQYE3sNF/G9au2aR3ffooW7YMduxah5KlSiAuLh7fTJyJzZt26NVX/096Ycq0cciTJw/Cwh6g
U3s/PDLg+c6KRYvnoNvHHdO1rVyxDgf2H0Fg4HVER8Wgbr3aqFevNgYN7psuYG/bshujR00wan0u
rs74fe9mFC7sgLt37mH58rXYsW2PzlF9Xezs8qJz1/YYOvQTuLg648WLl2j70ceKjkSrVCr8vHwB
2rRtadDIcyohBFydq0KtTsa9sKs4sP8IBg8cpfnAQETpeXpVwsJFs+Hp5W6U/gOvXccXoyeaZJ50
2vAMKBOgt+9ah7p1a+m17alT59C1k37hG0gJo90/7oSWrXxx4fwljB83LdNtDM0z+m5fpYonZsya
hBo1q2m2uxF8C9OmzsVfx/6R87BzvVwToL/731T06fuxztuFEPhhyXLMnbNI6zYbGxus+HUxmn3Y
WOf2jx5GoF/fz/T+47H/4HZUqeqZpft+3O0TnDh+WvO9lbUV1qz7EU2bNsxwu9279mL4Z2P0qk8u
a2tr/Hl0Fz74wA2JiYno3Wsw/jlxRu+AY2FhgZatfPHz8kWwsrLE5cvX0O6jj4066ujpVQmHDqdM
wwgPf4gB/Yfr/PkWKGiPHTvXweO/k2++GDXR6FM4/DetQJOmDRBy9z46d+yNJ0+e6tWPlZUlkpKS
Ubx4UezcvQGu5criWMAJ+PUcpFitqXOeMztRMKvUajXq1WmBJ0+e4nbIRQBAt879eLIpkYRWrZth
4aLZek/XyKroqGgM+GSkUY+8vRueAfMM0Pnz50PXbh3Qpm0L1KpdXXPkcqP/dnz91bcZbmtInjFk
++KOxbBv/1aULFUCiYmJCAt9gJKlSiBvXlvExLxCl059cuyJptkhV6wD3aNnl3S/LHfv3MOG9Vux
fdtvePzf4QqVSoXhIwaiZatmWttPmTYuXXi+dvU61q7ZhAP7DyMhIQEAULJUCSz7aV6GK0tkpGix
wpr/R72MxvPnL3R+JSYmptt2/PjR6cJzaGg4/Ddsw5bNOzWPDwA6dmqDoZ8N0Ks+uT7u2RkffOAG
AFi7ZhNOnTyrCc8FCtqjfgMflCnjlOX+1Go1/jwUoBnBrlrVC506t1W+8DQWLU45JBcTHYOunfpm
+IchOioGXTr3RUx0ykk1Sh8ifZdz2dKaOc+//LJG7/A8Zdp43Ll3GRs3r8STJ0/x88+rAQBNmjZA
WZcyitRqYWGhaHhOld8+P9zKu8LCwgIWFhbYvmud4vsgMnfdP+6EX1cvNXp4BoACBQtg+861OucO
G0oqPJuKEEKRJVV9mzXCLysW4fzFAMya8y3q1a+jCc9ZYWieMWT7fv16asLz4IGj0bB+a3Tu0BtR
L6Nhb58fgwb1S3f/ipU+wD+nD2L4iIFZfny5Sa54Nxo0+O0nw4sXLuND344Y9/UUjBo5Dq1adMH9
+ymHqi0tLTF4SP9025Zzc0HPXl003/+2Zz9aNu+MieOn49NPRmLY0K80IfqDD9ww5LNP9KqxcGEH
zf87deyNyh71dH6dOX0h3badu7bX/P/a1eto8WFnjB0zGV+OnoQ2rbprHh+QEmxNIfU5e/jwEWZO
n6cZKbaxscGatT9i6/bV2Htgq2aliKxISkrGtCnf4enTlDndH/fskskW+qtbr7ZmNHn+vKWak2Q8
vSpp3Te1LToqBiuWrwOQcpJOq9baf7yU4uXlASDlkNuObXsk72NlbQU3N1eM+XokNm5eiY2bV2LM
1yNRvnw5WFmnLLDTpm0LWFlZokFDH1hZWWLn9t+Q/N98aU9PZQ71fjqoj85gm5ycrPmSe3RCnZyM
Pn26a75XqVT4bJhpPiASmYu073/mvM93w/MXoyYqvo+MbNq4AwlvEgzuZ+Tng9G2Xct0U/7k/O0z
JM8Yur27RwUAQPD1Wzh08CgA4MqVQJw5k3Lkr2KlD9Ldf+q08XBxcUbDRlmbnprbmH2ArlatMiq5
V9B8v2TxL+lO+nvyOBI/LvtV832NmlVRrFgRzfddu3XQhLzY2DjMnP59uv737zuM3387oPm+XbuW
smssU8YJtra2AICkxCTcuROS5W2dnUtrTiADAH//rZpRUAB49CgCWza/nUpQzrWsJjwZS9WqXqhc
2QNqtRr/+25JuhHzFi2bomYtbwBAkSKF0dRX3soRsbFxWDBvGYQQqF27hiInpEnxShOUt/w3FWPR
4jk4dHgXps14O7f53bYVK96uG1pXx4odSkj9HQ0LDZec8+xYojhWr12GA3/uwBdfDUPjJvXRuEl9
fPHVMBz4cwdWrVmKEiUdsXD+Mjx48Airft2ApKRkxMbG4cGDR+n2YQgLCxWmTB2n+T4pKQkAcPTI
3+jQrheqeNaHl0ddTJvyHTb6b8ekCTM0Jz9m9qbyMioaHTq2Sdc2fuIXsLQ0+z9bRIrp0rkvwsMf
mmx/4eEP0aWzsgFaKjybapUjIGXwJrNpFXJFPHqMbVt2o4/fENy+fTdL2xiaZwzdPm/evACA6Ojo
dHWlLkNrm9dW09bLrysaNa6H169jMXXKd1l6fLmN2b8T1fapofl/TMwr/HkoQOs++/f+qRl1s7a2
Rv0GPprbKlfx0Pz/6pVATbhI68D+w5r/V6z0gezgkTYEPnv2HEmJSVnetkjRwum+Dw/T/kP5IPzt
EkNW1lbpRruNYcCnvWFpaYnXr2Nx9mz60fKPe3bWrPgAAG3btZLd/8l/ziI2Ng5WVpbo26+HwfVK
SR19DQ9/KGut0+ioGJw6dS6lDyOdrAOkzJ8DgJiY11q3lSjpCP+Ny+Hr2wjW1la4cjkQe/84hL1/
HMKVy4GwsrJEs2aNscH/FwQEnEDtGr6YOvntH7iXL6LS7cMQhQoVglqthlqtxqmT5+DqXBUuZapg
xfK12PP7RlwNOomg4DOYPnMSVv26AWtWb0QFtxooXdIDbVt/jPj4eMkgrVKp8DTyKewL5JfcJxGl
iI6KwYD+w9MNrBhLTHTKvpRcHzq7wzMARfd34MARDOg/AjW8m2D0qAk4euTvLG9raJ4xdPtXr1Le
b97NEEX/yzyxsbEAUgbHxnw9EkDKiffB129m+THmJmYfoF1cnDX/f/JEenmWZ8+e4/nzl5rvy5V7
G2gLFSyo+X9kpPQ808uX3q5LbGlpieo1qsmq0cmppOb/qdMTAKBgFuasBV+/mW6E1628q9Z9ypZ9
+xy8fBkle5kbOaytrdGwUV3NvsLfWR/UyjL96LecedCp7t8P07yQW7ZqZpR5r6WdU+pKu77p6FET
0OLDTumWK5Jqm/LtbHTt3A9TvjXeXD3rPClz5mJevUrXbmllie/nT4e7R0UAwKiR49GpQ28MHjgK
QwaNRsf2fhg1cjwAwN2jIubNn6F1ROLV69fp9mGIyVPG4s6de3B28kL3rv3h26wRQkJT5lwDKfOj
VSoVkpOTcSP4FoC3hzMvXbqKD8rVwOCBozV/0FOp1Wp81KaF1ooeFhYWmDXnG4PrJspNAq8FY7IJ
llkbPWqCoieR5YTwHB8fr+jo8y8/rdZ73WhD84yh21+8cBlAykBhn/8Gr3x9G6Fu3ZSjrVevBAEA
vp38NRxLFMeN4FsmX94wJzH7AJ0v39tRtPg43ScApD05IO3cpNRDzgCQP7/2aBcAPH7nF7FwYXkj
YCVKOGr+b2VlhfX+vyAo+AyCbpzB/fBr+OfUQUybMQFFihTW2jYuLj7dmsh9+/ZAyZIlNN+7uDqj
R6+3856NveB7oUIFYGObciLlubMXtVbJ+G3PPs3/k5KSMe/7H2TvIyEhAYHXrgNIGSW1t5f+uRiD
1JvDu22B14Jx6uRZo56NbGnx3yj+O6OzLmWd4eNTC4mJiRg29Cvs2b1P87udenn0Pbv3YdjQr5CY
mAifurXgkuYDVto+LVSGv/wvX74G38btAADHT+7HmnU/QqVSaQXfpKQkyeXt1Go19u09hLKlK+P1
61hN++5dezF/4SzJbdq1b21w3US5zdYtu7BgnvHCzIJ5y3Bgv3LvLzkhPAPAd7MXmnyfuhiaZwzd
fv26zQi+fhMWFhb4bu4UBN88i3X+PyNvXltERj7DTz/+isZN6qNTl3ZISkrG9Gn/k3VEPbcx+0t5
500zJ0et1j2nMu0IV17btytppF1r+IMKbpLb2r8TrOWuxFE8zRzmipU+SDcR38rKEi6uzhg4qC+a
NWuMT/oN11q0fMb07+Hp5Q4np5Io5+aCg4d34OyZi7C0tECdOjVRsFDKSPbNm3fwnY5lbZRia2sL
y/9GhEPvh2vd/scfB/HFV8NQqlRJQAi9D+3cu5dySW9LCwvktcuLqKjoTLbQTwH7/LqXNlKptAJs
Wu9e4ltJuuYHd+rcFnZ2eXHlciAOHjiqc/sD+4/getBNVKnqiY6d2kh+kFFivebVq/yRJ08eBN04
k+61+K7M1q4WQsC9Qi1cunoCDg6FcOrkWXTu0s7g+ojeJ/PnLUWZMk5a69sbatuW3YpeSnveghno
2aur5vvsCs/RUdGaE8NzAkPzjKHbv3r1Gn69BmPqtHFo0rQh7AvY482bNzh75iJmTP9fyvk0q5fC
ysoS27fuwbGAE1l/cLmQ2QdovaQJDmdOn0eHjh8BSJlqMXBQH6xcsT7d3WfMmpTu+3eXmctM8eJF
031/8+Yd3Au5DytrK1SrVlkz38i1XFnMXzgT7dv2THf/u3fuoXvX/liz7kd88IEbihQpjNYffZju
PmdOn8ewz8YYdfoGkHIIPfX5S0rW/uQZE/0KPy1bhRmzJsHK2grffPu1XhccSX2Bq1QqqGB40NPF
08sd23fp9wfU0MX1M6Ir3FavURVAytSTjJZcSkhIQFjYA1Sp6gnv6lUk76PERUksLS1w6+5FWFlZ
Zni/6OiYTPeXnKyGd5WGOHv+KP43b7oiAZ/ofTN58mx4elXSrDJkqKDAYEyerNx0tZwSngFoTT9w
r1gHAPD9/Bno5ddVapOcx9C/k+9sH/HoMYYO/hJAylznZ8+ea277euznqOReAY8fR2LmjPQLLryP
zH4Kh6G2btmFxxFPNN9P+nYMxo4fhRo1q6FV62bYvHWV1nrEMTGv3u0mQ0sW/YIF85YhIOA4vpuz
CE0btcUn/YajT68haFC3VbpPcTVqVtMKxzY2Nvh67OcoX76czn1Ur1EVw4Z/KqsufcS/eQP1f9M2
0k4lSSWEwKpfN2DP7n0QQqBLt/YYO36U1uika7myKFHSUWv7VKl9J6vVOe5S6qaQGjbfDZ1pv88o
YGblfkoE1HthVzMNz3IIIVCseFGu90ykp5STCkcoclJhykmDIxQ7aTAnhefHjyN1jj4ba51rc5M2
PFeo4IaB/y2RN//7HxAZ+UzXZu+N93IEWqjfztuNi4vHrJnzsWDhLFhZWyFPnjwYNXooRo0eqrnP
mzdv0k3bkHsJ5EuXruLSpauSt0VFRWPCuGn48+huzaoILVr6Yv++tyt/LFoyB+07pMz7fPXqNX5d
sQ5HjvyNPHny4KM2zdG7T3fkyZMHnw7sA7VanW7FBaVFR0UjITFlrczadapDpVJJjix+M3EmatSs
htKlS2Hk54NRuYoHhn82BtFRMXAtVxb7D26HOlkNf/+tWkvhWVpaoJp3ZQBAQkKi1pI6Spjy7WwU
KKDfhQemz5ig2OiOLqnh9t2Q++/FK2jStAHKlHGCjY2NzlFoW1tbzQmcqSeGvEuJEeisBt0CBex1
/q6ksrS0wPl//2J4JjJQWNgDdOncV3OlVX116dw33YnWhng3PC9bujLbwjMAxMXGYdvOtbgXEpru
JMKVq35QdFDA2NLmGWNuP23GROTPnw8njp+C/4ZtaNS4HkaOGgJPj0rIY5MHDx8+wrYtu/HDkuUG
1WNOzD5Ap17kBMh4RC3t0mpx70yu37H9N1hYWGDSt2O0lqi7ceM21qz2x5zvpmi2DQxSdt5raGg4
rl29Dp+6NQGkPyu2fgMftGv/dim4sWMmY8/utyfqnTp5Fo8eRmDStymX8O7Xvyf812/TmketlLi4
eFy5HIhmHzaGY/FicCxRHBFp5pGnev78Bdq16YEff56PunVrwde3EY7/sx97du+Dt3cVzYmBw4YP
RJeuHdClUx+E3L0PAHByKoUC/53YcPzvU0hKStbq31CGzF2OMsFyUbqC5q6df2DIZ5/A3aMCWrby
Tfe7kFbLVr5w96iAuLh47N61V/I+SoxACyGy1E9G86NTawkMPmPSE0aJcrPAa8H4YtREva/s98Wo
iYqd4/FueAaQ7uT47ODi6gwXV2d4eVbSBGgnp5JGvUBWZgzNM0rkISk9e3XRrPk8ZfJ3aNykPlat
Waq5voUQAm5urhg/8Qs4liiObybOzLTP3MDsh3pepZlOkddO95t02jfw1CXS0tq2dTfq1v4Qo0aO
w5LFv2Dxop8xcMBI+DZul251jMBr141y1mlk5Nu5y/ny2Wn+3/qjDzUvhLCwB5KBafnytZrDdXny
5EHrNs0Vry+tdWs3p9SZPx88MxiJffI4En39huDQwaNITExE0aJF8OnAPpp5vKmKFSuimRYCAJWr
eCJ//nwQQmDd2k1GeQyeXpVQt24tySsP5gRq8d/z8c4fwfuhYTh9+hysra3x48/z0aHjR7CxsdH8
jtja2qJDx4/w48/zYW1tjTOnz+Pe/dB0faReOChZbfgHk6yelW9tbS35ocDCwgItWvrifvjVLIfn
vX8cklUj0ftq65Zd2LZlt+zttm3ZrdjosFR4zqkW/fBdtp57YWieUSoPpVWkSGF8PfZzAMCvK9cj
+PpNjPl6JGxtbfH4cSTatemByh71NNfL6NO3Bz74QHpBhtzG7Eeg0x5ecnQsDitrK62A6+BQKN3C
4Hfv3pPsKy4uHtu3/abVnnbZrCMyFkUHgEruFdDuv4uJCCGwaNFPkgE87cUh4uPfzvktmuZCKs+f
v5DcR1JiEl5GRWuWoylZorisGuU6FnAcIXfvw7VcWYwaPRQBR49DreMwUGxsHAYOGInadWpi6Gef
oKlvw3SffpOSkrB0yQqEhqas6GFpZYkvvxoGCwsLBAUG65x+YKhpMyaibt1aep0ImDo1IjxUmUOb
UhITUqa05M+X/mInSYlJ+Pqrydjg/wvcPSpi8Q/f4XrQTYSGhkOlUqFMGSfN5VivB93Al19M0vp9
s7GxgVqt1uzDEOO+noKWrXwznXZhYWGB8uXL4datO7CwsIBarYanVyXs+X0TbG1tsvympVarMXH8
dIPrJnpfjB41AaWdnXSvNvSOU6fO6XXitxRzCs9OTiWz/BwZi6F5Rsk8lOqbyWNS1ny+cVuzEotX
5ZSLiG3csE3zHj1h/HQ0b9EUVlaWaNK0vtGOguckZj8CnXpVOCBlzeAPP2ysdZ9Wrd9ejCMpKRmn
T5/Pcv9Tp49HxYrlAaQE2PX/jb5mVb58dhj95WcY/eVn+OKrYWgkcc34vHlt0y1tl3qteuDtVeMA
6ZP2gJQLshQt+nbqyYuXUZL3U0pSUjJ27Ej5oFGjZjUM+NQvwwCUnKzGqZNn0a/PZ6hXpwXmff8D
/v7rJPb+cQhDBo3G/HlLIYSAhYUFRowcrLkU6fbtvykyT1dK6jrTdevWQoGC9pnc+60CBe1RunSp
lD4CrxulNuDtqEDRYtprg0c8eozefkNw9OjfSExMQpWqnmjbriXatG2BKlU9kZSUjGMBJ9Dbb0i6
E2RTFSnqAAsLi0xHHrLi5cuXmd8JKYcTf/plPvx6d0NQ8Gk8iLiOg3/uRN68trJHfF68kP4gSUTS
BvQfjqDAzKdjBAUGY0D/4Yrs05zCMwCsWrMs21f+MTTPKJ2HGjWuh85d2iMpKRkz/lvz2cGhkOYo
5oMHb6+M/ORxpGa52YJpLlCXm5l9gL544TLu3AnRfD9i5OB0V16zsbFB/0/80tz/kuSc3Xd5VXbH
r6t/wKDB/TRtixf+hBcvtANDJfcKGDt+FHr3/VjrtgvnL+HRwwjN96NGD9WaDzrm65Hplro7cvgv
zf8vX357FcTixYvii6+Gae3j63Gfp+vz34tXMnt4Blv9q79mNZIvvxqR5cuHh4c/xML5P8Kv5yAM
GTQaB/Yf0Yxef1DBTbOSyJMnT7Fh3RbjFI+UueOpBg3ql8E90/s4zdnZ14x4IZUnT1KuilmihCPs
7PJq3R7x6DE+6TccrZp3wcL5P+JYwAn8dewfLJz/I1o174K+fYZK/p7b2eXVfBBT4izq5GQ1Fsxf
lqUPOhUrfYAevbpojpTo82Y17/ulWhfvIaKMRUfFYPSoCRmuzBETnXIfJVbcMLfwXKt2dc2oanYy
NM8omYesrK0wecpYWFlZYvfOPzRz1mNj4zTLzKYNylbWVpr3qvdl5Syzn8IBpIS5mbNTLu/rXb0K
DhzcjoCA40hOVqNFi6aa0d3UJdZ0WbBoFso4l0apkiVQ1qVMujf4Deu3aq0PDaQcDtmybZVmBLhs
2dKYNWN+uvusXbMJ4yd+AQCoWcsbBw/vxOFDxxAdE4MaNarBt1kjzX2vXgnCzh2/a77ftHEHho8Y
BNdyZQEAX40Zgdq1a+DihctQWajg41MTdXxqau5/+fI1/HkoIGtPnAFevozCrJnz8d3cKUhKTtK6
FHNm3p3y0bhJfSz7aR7y58+HFy9eoo/f4HRXplPagf1HEB7+EKVLl8LAQX2wYsXaTN84PL0qYer0
lEObQYHB6UK40oL+O1HVwsICnbu2l/wwkZSYhDt3QmRd7bFLtw6a32ulRtAXL/wJX40Zken9LCws
8PJFFGKiY9Jd/Sqr1Go1li75RZ8Sid57gdeCMXrUBPy6WvqCKEpdptvcwjMALFps/MugZ5WheUap
PNSoYT24liurtebzmzdvEHo/HK7lyqJt+5ZYvcofb968gZ9fN81JhVevBinzZORwuSNAr/JHzVre
6NipDQDA3aMi3D0qat1vzeqN+P23Azr7adiobsoV9NKIjY3DD0uWY8minyW3cS1XNt30CU9P7U+x
PyxZjnJuLpq1Jd3cXOH2mavW/R4+fISvvpyk1T5yxFisXvsjihUrApVKhUaN66FRY+2pIOHhDzFq
xHidj09p1f+7QMfDBxHpzuRNneOaFXny5EH7jq3xv++nwcbGBomJiZj//VJcu2q86RGp5n+/ypOm
mgAAIABJREFUFAsXz0aBggWwfcdadO3ST2eIrluvdrqz2ZWaI6jL/XthOBZwAk2aNsDQoZ/g4P7D
Bo8YFy9eFIP/O6JyLOCE7OUYdVGrBXr1GIiNm1dmOqrcpGkD+DZuj0NHdmoOA2aFEAJ+PQdx9JnI
AAf2H8HUyXM0AwGppk6eo8hlus0xPNvly4cCBfVb0tQYDM0zSuWho0f/Rvu2PeHkVErrvWf9+i2Y
PGUsvL2r4K8Te/H06TN4eaVkn4sXLr83VyjMFQEaAIZ/Nga3bt1B797dUbJU+rnC9++HYfWvG7J8
yc6EhATcunkHp06dw8rl6zJcB/PKlUCcPXMBtevUQHx8PHbt/EPyfl+MmohzZy9iwKe9Ucm9Qrqg
8fp1LI4c/gtzv1uEeyGhWtv+e/EK2rTqhnETRqOpb0Ot6RKRkc9w6OBRzJ2zKN3C58ZkZW2FVq1S
lvu5cycECQkJsLGxQbv2LdGy1YfYvWsvDuz/U2fgsbKyRNt2rfDpwD6oWs0LlpaWSEhIwNgxU7B9
2x6TPIatW3ahXr3a6PZxR3h6uePM2cNYsXwdTp08i1OnzqFAQXt4elRCy9bN0k3lWTBvmdEu4Z3W
pIkz8PvezXAtVxa79vjjl1/WYMe2PZleFvtddnZ50aVbBwwZ0h+u5cri+fMXmDRxhqK1Hv/7FI4d
O4GmTRtmeD8LCwsE/P07ypb2ws07FzQjFpkJCDiO43+fUqJUovfaiuXr4Onprrnc97YtuxW5nLXc
8Lx951qD96mEnLjms6F5Rqk8FHgtWPK97pefVqNgAXt8OqgvypRxQpkyThBC4OQ/Z/DVF99k8VGa
P1Upx0rGOUsrG3lXrwIXF2ckJyfj7t17WR7N9PCshJjoGL0Wjq9SxRMRj59k6VLaZV3KwMvLAzY2
efD06TOcO3sxS2sxpqpVuzpKlnSEEAIPHjwy2koVGalY6QMcPZZyIuGPy1Yi4tETDBjYGy4uzpr7
REY+w9Ejf+HK5UA8ehQBS0srODoWQ5WqnvBt1ijdyH1w8C1MnzoXfx37x+SPZdHiOZo3k4zERMdg
/rylirzZZFXXbh0wZdo4zYem5ORkhIU9QEz0q3QXUUlMSoJKpYJVmhVObG1tYW+fD2WcS2tWPnn+
/AWmT/0ftm2Vv7RVZiwtLXDq7GE4OZXM9L5CCJQt7YWOndpg4eI5sLCwkBy9Tv0dr1v7Q6jVue5P
FVG2KFDQHjt2pvwd69K5r8Hzno098rxg3jLNChD62r5rnd6rbOizWpNS9M0zSm2fEQeHQvCpWxN2
dnYIDr5pkoGlnCRXBmgyvq7dO2DxkpQrHiYkJMDa2lqvk8JiY+OwYN4yrFu7yahznjPT/eNO+Orr
EZoVNt516tQ5fPH5BMWuyiWHi6szZs3+Fk2aNjCon2MBJzBp4gzJoxxKsbS0wNr1P6NJ0waZ/j4k
JSbB090Hr1/HYuz4URg27FNY/jcalHrVwmPHTuDT/iNRpaongoNvIj7uTbqrVhKRflJXHzI0PJcu
XQqLfpB/9dvAa9ezvO+TJ88afM6Jp1cl7Ni5Tvb5FzHRMejSue97Fw4pcwzQpJcp08Zh8JD+mu9j
Y+Nw6OBR/P7bfty8eSfl5MY6NVGx0gcoXSblyoJqtRrR0TF4EP4IwcE3ceb0BQQEHJdcai27eHpV
QoECBVCvXm1ER0fj2jXjniwoh2u5snB3r4CixYrAPn9+WOexhoXKQhM20/6brE5GYkIiomNe4dnT
Z7h+/abmSo/GplKp0LRpQ6zz/1nzvS5CCIwY9rXmAkH58+dDh44foUnThti6ZRcOHTwKCwsL1Ktf
G05OpXD69DnF5m4TERHpiwGa9LJt51r4+NRETPQr7Nm9F7NnLdAsa0cEpMx3HvP1CHw+eqhmnW8p
Qgi8ePESXTv1xY0btwG8HYEmIiLKicx+HWgyPQsLC8TFxmHo4C/RpHFbTBg/neGZtKjVavxv7hI4
O3nBu0oj7Nv7p1YoTh0xP33qPJ49e5GunYiIKKfiCDQRERERkQwcgSYiIiIikoEBmoiIiIhIBgZo
IiIiIiIZGKCJiIiIiGRggCYiIiIikoEBmoiIiIhIBpXggqtERERERFnGEWgiIiIiIhkYoImIiIiI
ZGCAJiIiIiKSgQGaiIiIiEgGBmgiIiIiIhkYoImIiIiIZGCAJiIiIiKSgQGaiIiIiEgGBmgiIiIi
IhkYoImIiIiIZGCAJiIiIiKSgQGaiIiIiEgGBmgiIiIiIhkYoImIiIiIZGCAJiIiIiKSgQGaiIiI
iEgGBmgiIiIiIhkYoImIiIiIZGCAJiIiIiKSgQGaiIiIiEgGBmgiIiIiIhkYoImIiIiIZGCAJiIi
IiKSgQGaiIiIiEgGBmgiIiIiIhkYoImIiIiIZGCAJiIiIiKSgQGaiIiIiEgGBmgiIiIiIhkYoImI
iIiIZGCAJiIiIiKSgQGaiIiIiEgGBmgiIiIiIhkYoImIiIiIZGCAJiIiIiKSgQGaiIiIiEgGBmgi
IiIiIhkYoImIiIiIZGCAJiIiIiKSgQGaiIiIiEgGBmgiIiIiIhkYoImIiIiIZGCAJiIiIiKSgQGa
iIiIiEgGBmgiIiIiIhkYoImIiIiIZGCAJiIiIiKSgQGaiIiIiEgGBmgiIiIiIhkYoImIiIiIZGCA
JiIiIiKSgQGaiIiIiEgGBmgiIiIiIhkYoImIiIiIZGCAJiIiIiKSgQGaiIiIiEgGBmgiIiIiIhkY
oImIiIiIZGCAJiIiIiKSgQGaiIiIiEgGBmgiIiIiIhkYoImIiIiIZGCAJiIiIiKSgQGaiIiIiEgG
BmgiIiIiIhkYoImIiIiIZGCAJiIiIiKSgQGaiIiIiEgGBmgiIiIiIhkYoImIiIiIZGCAJiIiIiKS
gQGaiIiIiEgGBmgiIiIiIhkYoImIiIiIZGCAJiIiIiKSgQGaiIiIiEgGBmgiIiIiIhkYoImIiIiI
ZGCAJiIiIiKSgQGaiIiIiEgGBmgiIiIiIhkYoImIiIiIZGCAJiIiIiKSgQGaiIiIiEgGBmgiIiIi
IhkYoImIiIiIZGCAJiIiIiKSgQGazEpUVBRUKpXW1+zZs7O7NCIiInpPMEATEREREcnAAE1ERERE
JEOOCtA+Pj6Sh+eDg4Ozta5Lly5J1jVz5sxsrQsAmjZtqlVXy5Yts7ssIiIiolwrRwXoHj16SLb/
+eefJq4kvf3790u2b9y4EcnJySau5q3bt2/j2LFjWu1du3bNhmqIiIiI3g85KkC3aNFCsn3r1q0m
ruQttVqNDRs2SN52/fp1/Pvvvyau6C1dHyyaN29u4kqIiIiI3h85KkC7u7ujVq1aWu0nTpzArVu3
sqEi4MKFCwgKCtJ5u67RaVOQ+mDRvHlzuLi4ZEM1RERERO+HHBWgVSoVevbsKXnboUOHTFxNin37
9mV4u7+/f7ZM47hz5w6nbxARERFlgxwVoAHoPAFu+/btJq4ESEpK0jl9I9WNGzdw8eJFE1X0Fqdv
EBEREWWPHBeg3d3dUbNmTa32Y8eO4c6dOyat5fz587h9+3am98uOaRxS0zd8fX3h6upq8lqIiIiI
3ic5LkCrVKocsxrHH3/8kaX7mXo1jrt37yIgIECrvXv37iargYiIiOh9leMCNJAzpnEkJCRg/fr1
Wu1ubm5abaaexqHrg8SHH35oshqIiIiI3lc5MkB7enqiRo0aWu1HjhzBvXv3TFLDmTNnEBoaqtW+
bNkyyfubchqH1PSNJk2aSIZ7IiIiIlJWjgzQOWEah9T0jdatW6Nly5Zo2LCh1m2mWo0jJCQER48e
1Wrn9A0iIiIi08iRARrI3mkc8fHxktM3UkOqVLi/efOmSaZx6FrOj6tvEBEREZlGjg3QXl5eqFat
mlb7oUOHJKdWKOnkyZN49OiRVnvqlRJ1hfvM1oxWgtT0jUaNGqF8+fJG3zcRERER5eAAndFFVYw9
jeP333/XauvQoQNKlSoFIOVEQl9fX637bNy4EUlJSUari9M3iIiIiLKfVXYXkJFWrVph3LhxWu07
duzAp59+apR9xsXFwd/fX6v93Sv8ffzxx1phNnUaR+3atY1Sm64PDqkj40oSQuDq1au4fPkyrl27
hitXriAyMhIRERF49eoVSpQogeLFi8PV1RVVq1aFu7s7fHx84ODgoHgtOU1cXBwuXLiA69evIygo
CNevX8fTp0/x+PFjPH/+HI6OjihSpAhcXV3h4eEBd3d31K1bF87OztlS76tXr3D+/HkEBQXh2rVr
uHHjBp49e4aIiAgkJCSgRIkSKFq0KFxcXFClShVUqlQJtWrVgqOjo9Fri4qKQqFChbTaDx48mOnv
dUxMDE6fPo1Lly4hKCgIN27cQGRkJB4/foz8+fOjePHiKFWqFKpWrQpPT0/Ur19fsXXShRC4efMm
zp07h+DgYFy5cgUPHz5EZGQknjx5AgcHBzg6OqJ8+fKoWLEivL294ePjAycnJ0X2rwS+xomIDCBy
MLVaLapWrSoAaH2FhYUZZZ8HDhyQ3F9ERES6+4WEhEjeb8qUKUapSwghmjVrprW/Bg0aKLqP0NBQ
MXfuXFG5cmXJx5fRl62trejbt6/Yu3evSExMVLSuVC9fvpTc96xZs4yyv1TJycni6NGjYsSIEaJY
sWKynxsAom7dumLlypXixYsXRq1VCCESExPF/v37xaBBg0TBggX1qrdDhw5i3bp1IiYmxmh16vp5
Hjx4UPL+arVanDp1SgwcOFDY2dnJfkxNmjQRW7duFW/evNGr3sjISLF48WJRo0YNvZ7Ttm3bit9+
+81or4+syOmvcSIic5CjA7QQQsydO1fyD/nq1auNsr9hw4Zp7atbt26S923RooXWfcuXL2+UNxZd
gf2HH35QpP/w8HAxfvx4YWtrq1cwePfLx8dH7NmzR6jVakXqS2XqAJ2cnCz27NkjGjZsqMjzAkAU
KVJELFiwQMTGxipeb2Jioti2bZuoU6eOYvU6OzuLJUuWiKioKMXrlROgAwMDRdu2bRV5TFWrVhUB
AQFZrjMqKkpMnz5d7w8j7341atRInD59WsmnMlPm8honIjIHOT5AX7p0SfKPd7t27RTfV0xMjOQb
5ObNmyXvv3LlSsnajPHGuHz5csl9BQcHG9SvWq0WmzdvFo6OjooFrrRffn5+4sGDBwo9C6YN0Ldv
3xYdO3Y0yvMCQFSrVk2cPXtWsXpv3LghPvroI6PV6+XlJSt0ZkVWArRarRaLFy8W1tbWij+mb7/9
NtMPvEeOHBEeHh5GeU4XLVpk9ABqbq9xIiJzkOMDtFqt1nmoUek/2r///rvWPqytrUVkZKTk/UND
QyXrMsY0jubNm2vtp27dugb1GRsbKwYNGmS0wJX65eTkJE6ePKnI82CqAL1lyxZhb29v9OfGzs5O
bNy40eB6N2zYoNeUBn2+Jk6cKBISEhR4ljMP0PHx8WLo0KFGfTzDhg2TfDxqtVosW7bM6M/n119/
LZKTkxV5Pt9ljq9xIiJzkOMDtBBCzJkzR/KP9tq1axXdz8CBA7X24efnl+E2UiN+Sk/j0DV9Y8mS
JXr3+eLFC9GhQ4cM3xQLFiwoevfuLVavXi3+/fdfcf/+ffHy5UsRFxcnIiIiRHBwsDh8+LCYNm1a
plMG7OzsxB9//GHwc2HsAJ2cnKxz2lDar2LFionhw4eLTZs2iQsXLoiIiAgRExMj3rx5I16+fClC
QkLE0aNHxdy5c0XdunUz7U/f3+Xk5GQxa9asTPt3dnYW48ePFzt37hTXrl0TT548EbGxsSI+Pl48
e/ZM3Lp1S+zfv1/MnTtXeHt7Z9qfn5+fiI6ONvj5zihAJycni+HDh+usoUWLFmLp0qXixIkT4v79
+yImJkYkJCSIly9finv37omzZ8+KH374QbRv3z7TxzNx4kSt2qZOnZrhNp06dRLLly8Xp0+fFuHh
4Zr9P3/+XISEhIiTJ0+K77//Xvj6+ma6/7lz5xr8XL7LXF/jRETmwCwC9MWLFyX/YHfs2FGxfbx8
+VJyBG/79u0ZbrdmzRrJ2k6dOqVYbUpP34iNjc3wUL+jo6NYsGCBeP78uax+T58+Lbp166azX2tr
a4OnABg7QGcWmnx8fMT27dtlzV9Wq9Xi7Nmzol+/fhn2vX//ftn1Tp48OcM+fX19xf79+2WNGKvV
anH+/HnRt2/fDPvu0KGDiIuLk11zWhkF6AULFkjeNnToUBEYGChrP5cvXxY9evTI8PHs27dPc/8V
K1bovN+ECRPEvXv3ZO3/r7/+kjyKlPbr2LFjsvrMiDm/xomIzIFZBOjk5GTh5eUl+Qf73dUx9LVr
1y7JEZXM3mAePHggWdfkyZMVqUsI6ZMVfXx89OpLrVaLESNG6HwDHDBggHj27JlB9R45ckQ4Ozvr
fOM2ZN62MQN0RqHJwcFBrFixwuAjCwEBAaJChQqS+3BycpI1LUnXBysgZYTc39/f4Pm1J0+eFNWq
VdO5n+HDhxs0/UDXz3PmzJlac55dXV0NDmcZPWcVK1YUsbGx4sKFC5K3e3t7i0uXLum978TERDFp
0iSd+69cubLBH0iEMP/XOBGROTCLAC2EELNnz5b8Y71hwwZF+u/Tp49W3/3798/StlKHSd3c3BSZ
xqFr+saiRYv06s/f31/nG+vSpUsVm4sZGhoqGfwBiIYNG4r4+Hi9+jVWgD579qzO56VatWri5s2b
BvWf1qNHj3Q+NzNnzjS43lq1aomQkBDF6o2OjhZ+fn469/frr7/q3beun6dUeA0NDVXk8ezcuVPn
fn744QfRoEEDrfbmzZsbHDpTzZs3T+f+lZiWZu6vcSIic2A2AVrXNI6uXbsa3PezZ88kl3bas2dP
lrZfv369ZG1KTOPQNWIWFBQku69Hjx6JkiVLSva3cuVKg2t914sXLyTDSGpQ0YcxAvTr169FrVq1
JPutX7++Ykc50nr+/Llo0qSJZj/29vZi+fLlWfrQlVG9DRs21HnSqyHevHkjhgwZIrlPBwcHvQN7
VgJ0yZIlFf1AIIQQEydOzFJwByA8PDzE06dPFdt3UlKS6N69u84PP4YcNcgNr3EiInNgNgE6OTlZ
cikpa2tr8fjxY4P63rp1q1a/9vb2WV73NiIiQvIN5NtvvzWoLiGkp2/UqVNHrzfZzz//XLLOadOm
GVynLuHh4cLd3V3y+X348KHs/owRoHWNCLq6usqe6ypHaGioKFmypGjZsqWsEW5d9bq5uSk2Sisl
NjZW54hjr1699OozKwHaGCemvX79Wue0sHf/vih5PkOqBw8e6Fzl5cKFC3r3mxte40RE5sBsArQQ
QsycOVPyzWHTpk0G9St1ctGQIUNk9dG1a1fJQGPINI579+5JPt6FCxfK7iskJERyHd2GDRsqtiSZ
LkeOHJF8HN99953svpQO0M+fP9d5ZcHDhw/r1accQUFBsp7/jOo9cuSIEStNcf/+fZ0XE7l48aLs
/jIL0MOHDzfCo0jx888/Zxqgp0+fbrT9f/XVV5L7XLx4sV795ZbXOBGRObCAGWnVqpVk++7du/Xu
88mTJ9ixY4dWe4cOHWT106VLF622O3fu4Pz583rX9ueff0q2t2jRQnZfq1atQmJiolb7nDlzYG1t
Lbs/OXx9fdGnTx+t9oULFyI6Otqo+87M+vXrERkZqdU+ZMgQNGvWzOj7d3d3l/X8Z1Svr6+vkqVJ
cnZ2xuzZsyVvW7ZsmeL7++yzzxTvM1WXLl1gZ2en83ZbW1sMGDDAaPuXek0AwF9//aVXf3yNExGZ
UHYneDmSkpIkDxVmdLGTzEidcOPg4CBiYmJk9fPkyRPJ0Z9vvvlGr7qEEKJly5Za/dWsWVP29I34
+HjJeZE9evTQuza5rl+/LjlC9dtvv8nqR8kR6KSkJFGxYkXJ/m7duiW7P2PLKfW+evVKlC5dWrIO
udOpMhqB7tatm5EewVsZrRE9cuRIo+5brVZLPo+Ojo6yT/TLTa9xIiJzYFYj0JaWlujVq5dWe2Ji
Io4ePapXn9u3b9dq8/PzQ/78+WX1U6xYMclRaH9/fyQlJcmuKzQ0FAcPHtRq79mzJ1Qqlay+zp07
h0ePHkn2ZSqVKlWSHCGVeoymcvnyZdy4cUOrfcCAAShfvnw2VJSxnFJvvnz5MHr0aMnbAgICFNtP
t27dFOtLl7p16+q8rX379kbdt0qlkjzK8fjxY8mjDBnha5yIyLTMKkADuqdx7NmzR3Zfjx49wq5d
u7Ta9X3j7Ny5s1ZbSEgIzp07J7svXdM3WrZsKbsvqVDj4OBgkkP+afn5+Wm1bd26Va8PGEo4cuSI
ZLvUB6GcICfV26ZNG8n2vXv3KraPatWqKdaXLpUrV9Z5W9WqVY2+/xo1aki2P3v2TFY/fI0TEZmW
2QVob29vVKxYUat9586deP78uay+Dh06pNVWrFgxNGjQQK/afH19YWtrq9W+b98+2X1JjYzXqFED
Hh4esvuSmofdvHlz2aPshvLx8dFqi4yMRHh4uEnrSCX1wcbW1hb169fPhmoyl5PqrVixomTA/Ouv
vyCEMLh/Z2dnuLm5GdxPZgoXLizZXqdOHRQrVszo+y9SpIhke1RUlKx++BonIjItswvQuqZxxMfH
yz58vHXrVq223r17I2/evHrVVqRIEXTt2lWrXe40jrCwMBw4cECrvUePHrKnb6jVavzzzz9a7Z6e
nrL6UYKLi4tk+507d0xcCSCEwIkTJ7Ta69Wrh4IFC5q8nszktHpVKhUaN26s1R4aGio5lUCu6tWr
w8LC+H+edAVMU4w+A4C9vb1k+5s3b7LcB1/jRESmZ3YBGgBat24t2S5nGkdYWJjkyHC7du30rgsA
OnbsqNUWEhKCs2fPZrkPJadvRERESB4OrlChguy+DGVnZ4datWpptYeFhZm8loiICMmgZ4ppA/rI
ifW6u7tLtt+/f9/gvosWLWpwH1mhK8DqGpk21f6lVtPQha9xIiLTM8sAXb16dck3h23btuHFixdZ
6kPqxBYnJyfUq1fPoNp8fX0ll8aSM41j27ZtWm3e3t7w8vKSXU9MTIxke+rJiKb+kpqGoKtGY9K1
tFbZsmVNXEnW5MR6S5cuLdkud/qBFAcHB4P7yApLS0vJ9kKFCplk/1ZWVpLtcqbB8DVORGR6Zhmg
M5rGcezYsSz1oWv6ho2NjUG1OTg4oHv37lrtGzduzNKokq7pG/qsvgEAr1+/lr2NqWXHOrGxsbGS
7aaeM5pVObHefPnySba/evXK4L4LFChgcB+G0DUynBPxNU5EZHpmGaAB3dM4fvvtt0y3vXv3ruQ0
ibZt2xpcF6B7GkdWVuNQcvoGIG8uZXbJjhrj4+Ml2/Wd/25sObFeXfuOi4szuG9TzH/OyfuXg69x
IiLTM593iXdUr15dcu3brVu3ZnoIWWr6houLC+rUqaNIbU2aNJEcwcrKNA6p1TeqVq2a4XJbGZFa
FSSn0TWSaUy6nhclwp8x5MR6de07o6v7kfL4GiciMj2zDdBWVlaSa47GxsZmeincTZs2abX5+fkp
drnbggULokePHlrt/v7+GU7jCAsLw/79+7Xae/Xqpdf0DUD3If4dO3ZACJEjvsaNG6fXYzOErucl
px4O11WvEtMl9KXrucqp02ByK77GiYhMz2wDNKD7oiq///67zm1u3LiB48ePa7UrNX0jldTFWO7d
u5fhahyHDx+WbNd3+gagey7pw4cP9e4zN9D1vCixgoQx5MR6da3tmxOXAczN+BonIjI9sw7QNWvW
lLzYwpYtW3SetCI1faN8+fKoWbOmorU1btxYMkhkNI1DavpG5cqVUaVKFb3rKF68OJydnbXaAwMD
9e4zNyhevLjkKhJXrlzJhmoyp+vneOnSpWyoJsX169cl211dXU1cyfuNr3EiItMz6wBtZWUluRpH
TEwM/v77b612IQQ2btyo1d67d2+dy0npy97eHj179tRq17UaR3h4uGS4NmT6BpBywQupK9UdPnwY
arVa737NnUqlkrzi5D///JMjl9zS9XM8efKkIsvGySWEkJwq5erqCkdHR5PX8z7ja5yIyPTMOkAD
wEcffSTZ/scff2i1BQUF4cyZM1rtbdq0UbwuQPc0DqkajDF9I1Xt2rW12m7fvo1r164Z3Lc5k3pe
YmNjcerUqWyoJnNS9cbHx+PkyZMmr+XGjRu4fPmyVruvr6/JayG+xomITM3sA3TNmjUlDxlv3rxZ
6wQrqRP0PDw8UL16daPU1qhRI8kLQkjVsWPHDq02Ly8vRS4prCvUSE0ZeZ80a9ZMsn3Xrl0mriRr
ctLPce/evZLtuj7QknHlpN8NIqL3gdkHaF2rcURFRaU7WVAIAX9/f6379e7d22hrvubLl0+ytg0b
NqSbxvHgwQPJEfOePXsqUlvlypUll8H78ccf8fTpU4P7N1e6npdff/0V9+7dy4aKMqar3lWrVuH2
7dsmq+P169dYsmSJVru1tTWaNGlisjroLb7GiYhMy+wDNKD7oippQ+mVK1ckT7jSta1SpKZxhIaG
ppvGoeviKbpWGZFLpVJh+PDhWu3Pnj3D4sWLFdmHOVKpVBg6dKhWe2JiIhYuXJgNFWVM188RAObP
n2+yOtauXYvQ0FCt9sGDB6Nw4cImq4Pe4muciMi0ckWArlWrFlxcXLTaN23apFmrVuoEvWrVqiky
RSIjDRo0QLFixbTa09YjNX3Dw8MD1apVU6yOnj17wsnJSat95syZOH36tGL7MTd+fn4oWbKkVvuS
JUskT0RVWlYu756Wrp/jzz//jICAAKXK0ik0NBQTJ06UvG3YsGFG3z/pxtc4EZHp5IoAbW1tLTlV
4sWLFzhx4gTUajU2bNigdbuhK1xkRd68eSVr8/f3R0JCgs7pG7169VJ0akmBAgUwYcIEydt69+6t
c01fJZ07dy7HXaikYMGCOi/y8OmnnyIsLMxo+46NjUXr1q2xZMkSJCQkZGmbjH6OgwZh3flYAAAg
AElEQVQNMmq9cXFxGDx4sOSqHwMHDoSHh4fR9k2Z42uciMh0ckWABnRPxdi7dy8uXryIoKCgLG+j
tHbt2mm1hYaG4uzZszpX31Bq+kZaAwcORKNGjbTa79y5g06dOhn1wgsnTpxA8+bNMXr0aCQnJxtt
P/oYPHgw6tatq9V++/Zt+Pn5ITIyUvF9JiUlYezYsThy5AhGjRqFtm3bIjg4OEvbDhw4EA0bNtRq
v3PnDnr37m2UOa8JCQn44osvJNdRd3R0xLRp0xTfJ8nH1zgRkYmIXCIhIUG4uLgIAOm+ihUrJsaM
GaPVXqtWLaFWq01SW1xcnChZsqRWDePHjxft2rXTaq9YsaJISkoySi2XL18Wtra2WvsEINzd3cW/
//6r6P7UarXw9/dPt88ZM2bo3d/Lly8la581a5ZBdZ4/f16yXwDC29tb3Lp1y6D+04qLixMjRozQ
2o+dnZ3YsGFDlvq4dOmSzp9jrVq1REhIiGL1xsTECD8/P53Pz6ZNm/Tu21g/z6wKDQ2V3P9PP/1k
kv0fP35ccv8HDx7Uu09zfY0nJSWJNWvWiIYNGwoHBwfRpEkTsX79epGcnGx2fRBR7pdrArQQQkyc
OFHnm/y7X4sWLTJpbVIhvlixYpK1TZ8+3ai1bN26VefzYmtrKxYuXChiY2MN3k94eLjo37+/5H7W
r1+vV5/GDFyrVq3S+bw4ODiIX3/9VSQmJhq0j+DgYNG8eXPJfVhbW4uzZ89mua9NmzbprNfR0VFs
2rTJ4A+Jp06dEt7e3jr3M3bsWIP2wQCtfIAWwvxe42q1WowaNUqyny+//DJLv2M5pQ8iej/kqgCt
681I6is4ONiktR07dizLtckJUfpavHhxhjV4eHiI1atXi+fPn8vuOzg4WHz77bfCzs5OZ//ffPON
XnUbO3BNnz49w+fFx8dH7NixQ3b4uHHjhpg4caKwtrbW2ffixYtl1/u///0vw3p9fX3FgQMHREJC
Qpb7VKvV4uLFizqDUepXr169ZPUrhQHaOAFaCPN6jR85ciTDWv/880+z6YOI3g/KXr86m9WuXRul
S5fO9GSZ+vXro2LFiiaqKoWPj0+WaqtYsaLRLuyS1ueff468efNi8ODBkrcHBQXhk08+gZ2dHTp3
7owmTZrAw8MDTk5OKFy4MGxsbKBWqxEXF4fIyEjcv38fFy9exMGDB3H06NEM9/3FF19g6tSpxnhY
Bps0aRJsbGx0nlh4+vRpdOnSBcWKFUOPHj1Qv359VKhQAU5OTrCzs4ONjQ3i4+Px8uVL3L9/H5cu
XcK+ffskL56T1jfffIORI0fKrnfMmDGwtbXF559/Lnn70aNHcfToUbi4uKBnz56oXbs2KlSogOLF
iyNfvnywsLBAbGwsXrx4gVu3buHy5cvYtm0bzp8/n+F+hwwZgoULF8La2lp2zWQa5vQal5pbn9be
vXvx4YcfmkUfRPSeyO4Er7Tx48dnOsK7dOnSHFvb1KlTTVrTwYMHJednG+tr0aJFZnHIf8uWLcLe
3t4kz8ns2bMNnl+5a9cu4eDgYJJ6Z82apdgcfY5AG28EOpU5vMb79euXYZ89evQwmz6I6P2Qa1bh
SJWVSwm3bNnSBJVoa9OmTab3MdXKIKlatGiBixcv4tNPPzXqfry9vXH8+HGMGjXK6EsHKqF79+74
999/0bFjR6Ptw9nZGfv27cOECRMMXrKwY8eOuHjxIjp37qxQddq8vb1x8uRJTJw4EZaWlkbbDynL
HF7jUutXp1W6dGmz6YOI3g+5LkDXqVMnwz9yTZs2Rfny5U1Y0Vt16tSRvOBLqvLly5tk+sa7SpQo
gZUrVyIgIAAdOnRQtG8XFxf8+OOPOH78OBo0aKBo38bm5uaGHTt2YPfu3YrWbmtriylTpuDSpUuK
fmBycXHBtm3bsGfPHtSvX1+xft3c3PDzzz/j+PHjksv9Uc6X01/jmb0OpJYCzal9ENF7IruHwI1h
3LhxOg/B/fLLL9la26RJk3TWNmXKlGytLdW5c+fExIkTRfny5fU+jNutWzexbds2ERMTo2ht2XXI
Pzk5WRw+fFgMGzZMFClSRK/nxNvbWyxdulREREQYtVYhUpbiOnTokBg6dKjeUzs6d+4sNm7cKF6/
fm20OjmFw/hTOKTkxNf42LFjJfczYcIEs+uDiHI/lRBCZJiwzdDff/+Nxo0bS94WEhKS4SiwsZ0+
fVrnKN6pU6fg4+Nj4op0S05OxpUrVxAUFITr168jMDAQjx49wtOnT/HkyRPkyZMHRYsWRalSpVCh
QgWUL18e3t7e8Pb2RuHChY1SU1RUFAoVKqTVPmvWLJ2XmFZaXFwcLly4gKCgIAQGBuL69euIjIxE
ZGQkXrx4gaJFi6JIkSJwc3ODu7s73N3dUbt2bbi5uZmkvne9fv0a586dQ1BQEK5du4YbN24gMjIS
ERERSEhIQIkSJVCsWDG4urqiSpUqcHd3R61atVC8eHGj15bdP8+wsDA4Oztrtf/0008YOnSo0fd/
4sQJyYviHDx4EC1atDD6/nPSazz1irErVqzA1atX4e3tjcGDB6NHjx5ZnhKSU/ogotwvVwZoIiIi
IiJjyXVzoImIiIiIjIkBmoiIiIhIBgZoIiIiIiIZGKCJiIiIiGRggCYiIiIikoEBmoiIiIhIBgZo
IiIiIiIZGKCJiIiIiGRggCYiIiIikoEBmoiIiIhIBgZoIiIiIiIZGKCJiIiIiGRggCYiIiIikoEB
moiIiIhIBgZoIiIiIiIZGKCJiIiIiGRggCYiIiIikoEBmoiIiIhIBgZoIiIiIiIZGKCJiIiIiGRg
gCYiIiIikoEBmoiIiIhIBgZoIiIiIiIZGKCJiIiIiGRggCYiIiIikoEBmoiIiIhIBgZoIiIiIiIZ
GKCJiIiIiGRggCYiIiIikoEBmoiIiIhIBgZoIiIiIiIZGKCJiIiIiGRggCYiIiIikoEBmoiIiIhI
BgZoIiIiIiIZGKCJiIiIiGRggCYiIiIikoEBmoiIiIhIBgZoIiIiIiIZGKCJiIiIiGRggCYiIiIi
koEBmoiIiIhIBgZoIiIyW+fPn8eKFSvw6NGj7C6FiN4jKiGEyO4iiIiI9NGhQwecOXMGISEhyJs3
b3aXQ0TvCY5AExGRWQoLC8Nvv/2Gvn37MjwTkUnl+gB97tw5VKxYEX5+fnjz5o1efURGRmLq1Kmo
WbMmihYtiqZNm+L7779HVFSUwtW+P65evQqVSoVevXpJ3q7Ez43ky+znQqbHn4luBw4cAAC0b98+
myshQ+W033Ml68lpj42UkaMCdLt27aBSqXDhwgXF+vzjjz9w8+ZNbNy4EaGhobK3f/r0KZo1a4Zp
06bh5cuXaNy4MV6/fo2xY8fi7t27itVJ6Rn6cyOi3G/Tpk1wc3ODj49PdpdCRO8Zq+wuwNj69OmD
mzdvwsvLC+XLl5e9/apVq3D16lV8/vnn+N///gcbGxsAwOXLl1G1alWly6X/GPpzyw02b96MmJgY
9O7dm4enKdfS9/f85s2bCAgIwNSpU2Fllevfyogoh8n1f3XKly+PTZs26b19QEAAAGDUqFGa8AyA
4dnIDP255Qbz5s3DhQsX0LVrVwZoyrX0/T3fv38/8H/27jysiurxH/gb0FQQEVEUF/QiiCiKJhqa
4BZo7hLikruVmUvlbplLlqWmZWqaC6KSqIXmHriGCgqyiIC7iYD4AYXYQYHz+8PfvV+Je+EOXLhX
fb+ep+cx5syZMzPnDm/mnjkDYODAgZXVNCIilXRqCIcuevz4MQCgUaNGWm4JEREBgBACPj4+cHBw
QMeOHbXdHCJ6DTFAl0E+y5+enp6WW0JERAAQFRWFK1euYMyYMdDX568xIqp6L9WVJzo6GosWLYKz
szPMzc1Rv359dOnSBTNmzICfn5/SWTHK8/Trhg0boKenV+yBRkNDQ8XP9PT0sGrVqmLrCCEQERGB
L774Ar1790bjxo3Rtm1buLu7w8vLS3EnWxV5O2fPng0AePLkCbZs2YJBgwbBxsYGd+/eVVk2LS0N
27Ztw+DBg2FtbY3mzZujX79+2Lx5M1JTU4ttJy0tDd7e3hg2bBhat24Nc3NzODs7Y/ny5YiPjy+1
jSdOnICenh4WL16s1nG0srKCnp4ecnNz1Sr/orLOm5TjVRpN7tN/25SVlYXffvsNnp6eaNu2LerV
q4fOnTtjwYIFiImJUVq/sr5Xr169UvteVZ4Xuf/973/o0aMH9PT0sGXLFrXX01bflSssLMS5c+cw
depUdO3aFfXr10fXrl3xySef4Ny5cygsLNTZtssVFRXhxIkTmDx5Mjp27Kio67PPPkNQUBCKiopU
rqvpvpKbm4tDhw7hs88+Q5cuXWBubo7GjRujd+/eWLFihcp9K08/f9GxY8cAAP379weg/XOjyX5V
nuvGi8p7TlS152Xs55o4Dv+VnZ2tOC9t2rSRfF7UUdp1VdPntaL9jAAIHTJw4EABQFy5cqXEso0b
NwoAAoBo1aqVGDRokPD09BRvvfWW4ueWlpYiJSWl2HpRUVECgBg1apTa7Th06JAYO3asGDt2rDA1
NRUAxIgRIxQ/Gzt2rNi3b5+ifEZGhpg2bZqiHW3atBHu7u7C1dVVmJmZCQCiYcOG4siRIyq3KW/n
rFmzRFRUlLCzsxMAhKOjoxg5cqRITExUWjY8PFy0adNGABCdO3cWI0aMEH379hU1a9YUAISDg4O4
ceOGEEKIixcvilatWinaOHz4cDF48GDFPpqZmYnTp0+rbOPx48cFAPHVV1+pdRxlMpkAIHJyclTu
r6rzou5ydY5XaSpjn2bNmiViYmJE586dix3roUOHiiZNmij6yZYtW0rUIbXvVdY+lPZ5efDggejU
qZMAILZu3arWNv9bf1X3XSGESE5OFu7u7gKAqF69uujdu7cYOXKk6N27t6hevboAIEaOHCkeP36s
U21/8Zw8efJEjBw5UrGeq6urcHd3V7QFgBg7dqx48uSJ0ro02VeOHz8uWrZsqTieLi4uYsSIEaJn
z55l7lt5+rncs2fPhK2trXj77bdLHKOXvV+V97qhiXOi7WOp6X6uqeMwatQoERsbKxwdHct9Xip6
XdX0ea1oP6PnXooAHRQUJACIFi1aiMDAQFFUVFRseXJysti8ebOYO3duiTrLE6BfJO/QqampSpfn
5uaKvn37CgBiyJAhIjw8vNjyrKws8dtvv4kGDRoIAGLPnj1K65G3c8KECcLBwUEMGTJEXL9+vdSy
w4YNEy1bthRDhw5VXMTknjx5Ij777DMBQLz99tsiIiJCmJiYiK5du4qQkJBixzA7O1usWrVK8SGM
i4tTul1dDNDqHK/SVMY+eXh4CDs7O+Hm5ibCw8OLHeunT58KX19fYWJiIgCUesErq+9V5j6oOu63
bt1S/BLz8vJSa3vK6q/qvpuRkaH4hbFixYoSYSYlJUV88803AoDo3r27yM7O1pm2y7c7dOhQMWzY
MGFmZiZ2794tMjMzFWWKiopEWFiYGDRokGLbWVlZJerSZF8ZP3686Ny5s/jjjz9Eenp6sWU5OTni
l19+EdWrVxdmZmal/kGrbj+XCw4OFgDExo0bFT97FfqVJq4bmjgnr0I/1+Rx6N69e4XPS0Wvq5rc
H039fqKXJEAvXLhQABD79++XXGdlB+ilS5cqglx+fr7KemJiYoSpqakwMTERt27dUtlOAMLV1VXp
LyxlZfv16ydyc3OVlisoKBDDhg0TAISxsbGws7MrcYf+RfPnzxcAxNKlS5Uu18UArc7xKk1l7BMA
0atXL6UXdrm9e/cKAKJPnz4qy+hagI6KihItWrQQAMTOnTvV2paq+qu6786ZM0cAEL6+vqW2z8fH
RwAQixcv1pm2v7hdU1NTERMTo7Ku/Px8MWHCBAFALFiwoMRyTfaVlJQUpYHwRWvXrhUAxE8//aSy
jNQA/cUXXwgA4t69e4qfvSr9qqLXDU2ck1ehn2v6OFT0vFT0uqpr+0PPvRQB+tNPPxUAxPnz5yXX
WZkBOiUlRRgaGgoLCwuVXyW9aOvWrQKAWLhwocp2AhDBwcGl1vNi2ZCQkFLLBgQEKMqWdZG/efOm
AJ5/VaeMrgboso5XaSorQJfVpmfPnim+knv06JHSMroUoC9fviwsLCwEAOHj46PWdpTRRt9NSkoS
1atXF56enmq1cfjw4cLExET8+++/Wm/7f7e7Y8eOMtv/5MkTYWFhIWrWrCmSk5OLLdNkX1GHfN9K
O/ZSAnReXp5o2rSp6NevX7Gfvyr9ShPXjbKUdU5ehX6uDinHoaLnpbKvq0JU7f7Qcy/FQ4T29vYA
gPXr1yMjI0PLrfk/AQEByMnJweTJk1GvXr0yy7/33nswNDTEli1b8OzZM6VlmjRpgs6dO6u1/RYt
WsDR0bHUMm3btlX8u1evXqWWtbGxgampKUJDQ0t96EWXSDleVcXS0hJdunQptUy1atXg7OwMAEhM
TKyKZpXbuXPn0K9fPyQlJcHX1xfvv/9+heusyr578uRJPHv2DJ6enmq1zdPTE+np6QgMDNR6219k
YmKCYcOGlVoX8PxhvEmTJiEvLw+nTp0qs3xlql+/PgDN9fGLFy8iISEBI0eOVLr8Ze5XVXXdUPec
vOr9XN3jUFnnRdPXVW3vz+vopXiRysiRI7F7927s378fly5dwujRo+Ho6Ag7OztYW1vjjTfe0Eq7
5K/y7tSpk1rlTU1N8eabb+LChQtITk5GkyZNSpRxcHCAgYGBWvW1a9euzOn1jI2NATy/KDVs2LDU
snp6erCwsEBaWhpycnIU6+oyKcerqjg4OKg1tZb8gpeVlVXZTSq3Y8eOwdPTEzk5ObC3t9fYSyuq
su/ev38fALBt2zYcOnSozLalpKQAABISErTe9hd16tQJJiYmZTVfURYA4uLi1CpfXrm5uThz5gzC
wsKQlJSEnJwcxdSfAPD06VMAQF5enka29+effwIA3NzclC5/mfuVpq4bmjonL3s/19RxqIzreXmu
q7q8P6+rlyJA165dG0ePHsXOnTuxa9cufP/994plJiYmGDhwIIYOHYpBgwYVe1tgZZNfEE1NTdVe
p3HjxgCA1NRUpQFa3QsH8Py4lEV+AVTnDjkARRgta4ogXSHleFUVdc4LAMVFTFeP9b59+zB27FjU
rl0bXbp0wblz5zB37lz88ssvFZ4XvSr7rnwKyb/++ktKE1VOPamtz52UlznJtyu/RlWGGzduYNSo
UYiMjKy0bbwoKysLPj4+GD58OCwsLJSWedX7FVD6dUOT5+Rl7udVfRwA9a/n5bmu6vL+vM5eiiEc
wPO/dKdPn46QkBA8fPgQp06dws8//4wBAwbg4MGDGD58ODw8PKr0ryVzc3MAz+e+VNfDhw8BqH/B
0SXyD7e6H6iy5r7WBa/CPlXGPpw6dQojR46Eubk5/P39sX//frRp0wabN2/Gtm3bKtTeqib/nAYE
BEA8f+5Drf+++uorLbe8uEePHqldVj4/r3zf5TTVV/Lz8zFmzBhERkbis88+w7Vr15Cenl7iGP53
nuCKOHfuHNLS0uDh4aGxOitC1/qVNs5JZahoP9fl41Ce66ou78/r7qUJ0C+ysLBAnz59MGPGDPz2
22+4d+8e3N3dcfToUXh7e1dZO1q2bAkAihcBlCUtLQ3h4eFo0KBBiV9sLwMjIyMA6v3B8OjRI2Rm
ZlZ2kyrsVdinytiHlJQUtGrVCidPnkTnzp3RoEED7NmzB8bGxpg2bRouXbpU4XZXFfnnNCIiQsst
qZiwsDClL4tSVRYAmjdvXuznmuoroaGhCAsLg6enJ9auXQt7e3vUqVNHrbaVl5+fH2rWrAlXV9dK
3Y66dK1faeOcVIaK9nNdPg7lua7q8v687l7KAP1fDRs2xKJFiwAAV65cqbLturm5wdjYGNu3b1fr
rz8/Pz/k5OTgo48+QvXq1aughZrVrFkzAEBgYGCZd7DOnj1bFU2qMF3eJ/ndwrIe6KyMfbCzs0NA
QADs7OwUP3NwcMD27dvx7NkzjBkzRvFtiq6Tf063bNmi9i9mXZSeno6DBw+WWS41NRVeXl4wNDTE
O++8U2yZpvpKUlISAKBr166lDudR526iOv08NTUVe/fuxejRoyUNmatMutavNHlOtKmi/VyXj0N5
rqu6vD+vu5ciQCcmJpYZIuRfNRoaGlZFkwA8H4Yxb948JCUlYfbs2YpB/MrExsZi3rx5MDExwYQJ
E6qsjZrUvHlzODk5ITo6WvEqXWWSk5OxbNmyKmxZ+enyPskf4igrqFbGPnTo0KHE3UsAGD58OBYt
WoS7d+/iww8/RH5+vlr1aZP8c3r37l3MnTtX5Qw4wPOhDXv37tXZWWhmzZqF2NhYlcufPn2K2bNn
IykpCZ9//rmiD8lpqq/I67127ZrKMvn5+ViyZInK5f+tq7R+furUKeTl5ak1O0NV0bV+pclzom0V
6ee6fBzKc13V5f153el8gC4oKMCoUaMwYMAAHDt2TOk0dvJwCgCDBg2q0vbNnTsX/fv3h7e3Nzw9
PUsM8s/Ozoavry969uyJtLQ0bN26FdbW1lXaRk3R09PD4sWLAQATJ07EwYMHUVBQoFguhEBwcDAG
DhyIhg0bwsHBQVtNVZsu75N8GqE1a9YgJydH8fPQ0NBiT19X9T589dVXGDp0KI4fP46vv/66QnVV
lblz52LQoEHYunUr3N3dSxxDIQSio6MxZswYjBo1Cr6+vlpsrXKTJ0+Gg4MDXFxc8Ntvv5V43iMi
IgIeHh7w9vaGi4sLvvjiixJ1aKqvdOnSBdbW1vDy8sLGjRuL9U8AimMpv3tWGnX6+e+//w5TU1P0
7NmzzPqqki71K02eE22qaD9/WY+Dquvqy7o/rwXNTitdMcpepJKdnS3mzp2rmAC8evXqwtnZWYwY
MUJ4enqKDh06KJatWLGiRJ2V/SZCIYTIzMwUM2fOVLSjTZs2wt3dXbi5uQkzMzMBQFhYWIgTJ06o
rENKO6WUzczMFACETCYrs6wQQrRr104AKDHZ/4s2bdqk2FdLS0vh4eEhPDw8RKtWrQQA4ezsLOLi
4oSzs3Olv0ilvOdVG/v0X/PmzRMAxNmzZ5UuT0pKEtbW1gJ4/hp7d3d34ejoKACICxcuaHUfkpOT
Fa+elfKGUG323aysrGLXkpYtW4phw4YJDw8Pxb4AEHPmzBF5eXk603b5dmfNmiUSExMV10kzMzPh
5uYm3N3di7V/woQJZb6URBN9JTg4WDRo0EAAEA0bNhR9+/YVHh4ewsHBQQAQjo6O4vbt2wKA6NSp
k8q2lNXPExMTBQAxY8YMlXW8Lv1KiNKvG5o4J69CP6/q4yBE6eelotdVXdsfek7n70AbGhpi1apV
uH//PjZs2AAPDw+kpaXhr7/+wt9//426deviyy+/RGRkJBYuXKiVNtauXRvr1q1DREQEFi5ciIYN
GyI4OBjx8fHo0aMHvLy8EB0djX79+mmlfZr28ccfIyYmBgsXLoSFhQXOnj2LyMhI2Nvbw8fHB/7+
/rC0tNR2MyXRxX1q1KgRzp49i7lz56JWrVo4efIkDAwMsGrVKrRr106r+/Diwy8ffvhhqV8v6goj
IyOsWrUKMTExWLZsGaytrREREYGLFy+ifv36WLp0Ka5evYrVq1dX6XSYUjRu3BgHDhzAoUOHMGDA
ACQlJeHvv/9GvXr18NlnnyE4OBheXl5ljhPWRF9xcnJCeHg4li9fDhsbG4SEhODKlSto1qwZtm7d
irNnz0Imk5W5T2X184CAAADA0KFD1T9QVUiX+pWmzom2VbSfv6zHQdV19WXdn1ednhAvfN9ERESk
Q/r164fo6GjcvXtXZ/+wIaLXj87fgSYiotfTvXv34O/vj3HjxjE8E5FOYYAmIiKddOLECQBV/3A4
EVFZOISDiIiIiEgC3oEmIiIiIpKAAZqIiIiISAIGaCIiIiIiCRigiYiIiIgkYIAmIiIiIpKAAZqI
iIiISAIGaCIiIiIiCRigiYiIiIgkYIAmIiIiIpKAAZqIiIiISAIGaCIiIiIiCRigiYiIiIgkYIAm
IiIiIpKAAZqIiIiISAIGaCIiIiIiCXQmQJ84cQJ6enpYvHixWuWtrKygp6eH3Nxcpcujo6OxaNEi
ODs7w9zcHPXr10eXLl0wY8YM+Pn5IT09XWXdhYWFOHfuHKZOnYquXbuifv366Nq1Kz755BOcO3cO
hYWFKte9du0a9PT0MHv2bADAkydPsGXLFgwaNAg2Nja4e/euWvtHRERERLpJZwK0Jv3yyy9o164d
vv32WyQnJ8PJyQl9+vSBvr4+NmzYAA8PD7Rv3x6PHz8usW5KSgo8PT3Rq1cvbN++HYaGhnB1dYWh
oSG2bduGXr16YcyYMXjy5EmZ7bh27RqcnZ0xZcoUPHr0CI6OjqhVq1Zl7DIRERERVZFq2m6ApgUH
B2PatGlo0aIFdu3ahe7du0NPT0+xPCUlBQcOHMDdu3dRv379YutmZmZiwIABCA0NxYoVK/DRRx/B
zMxMsfzx48f49ddfsWjRIiQkJMDf3x+GhoZK25GamoqxY8eiVatWOHDgAFq3bl05O0xEREREVeqV
C9BHjhwBAKxatQrOzs4lljdo0ABTpkxRuu7XX3+N0NBQ+Pr6YuTIkSWW169fH19++SVatGiBMWPG
YOXKlVi2bJnSury9veHq6gpfX1/edSYiIiJ6hbxyQzhycnIAABYWFpLWe/ToEdatWwdPT0+l4flF
77//PoYPH45169aVOpb666+/ZngmIiIiesW8cgHa3t4eALB+/XpkZGSovd7Jkyfx7NkzeHp6qlXe
09MT6enpCAwMVLq8SZMm6Ny5s9rbJyIiIqKXwys3hGPkyJHYvXs39u/fj0uXLmH06NFwdHSEnZ0d
rK2t8cYbbyhd7/79+wCAbdu24dChQ2VuJyUlBQCQkJCgdLmDgwMMDAzKuRdERBlQYMwAACAASURB
VEREpKteuQBdu3ZtHD16FDt37sSuXbvw/fffK5aZmJhg4MCBGDp0KAYNGoQaNWoolsln5Pjrr78k
bU/ZTB7ybRERERHRq0dnArR8poyioiK1yqsKrgBgbGyM6dOnY/r06UhKSkJsbCxiY2Nx6dIlHDx4
EL/99hsGDhwIX19f1K5dGwBgbm4OAAgICICrq2sF94aIiIiIXlU6MwbayMgIAJCWllZm2UePHiEz
M1Otei0sLNCnTx/MmDEDv/32G+7duwd3d3ccPXoU3t7einItW7YEAERERJSj9URERET0utCZAN2s
WTMAQGBgYJl3oc+ePVvu7TRs2BCLFi0CAFy5ckXxczc3NxgbG2PLli2lzqxBRERERK83nQnQzZs3
h5OTE6Kjo3Hs2DGV5ZKTk1XOvQwAiYmJpb5qG/i/4R8vvgSlXr16mDdvHu7evYu5c+fi2bNnKtcv
KirC3r17y9wOEREREb16dCZA6+npYfHixQCAiRMn4uDBgygoKFAsF0IgODgYAwcORMOGDeHg4FCi
joKCAowaNQoDBgzAsWPHlE5jFxsbi3nz5gEABg0aVGzZ3LlzMWjQIGzduhXu7u4IDQ2FEKJYG6Kj
ozFmzBiMGjUKvr6+Gtl3IiIiInp56MxDhADw7rvvYtOmTZg6dSrc3d1haWmJLl26AACioqJw69Yt
ODs7Y/fu3RgzZkyJ9Z8+fQonJyesXr0a/v7+qF69OpycnNC4cWMIIXDr1i1ERkYCAFasWIF33323
2Po1atSAr68vli1bhtWrV+Po0aNo2bIl2rdvDwMDA8XDiAAwZ84cDB8+vJKPCBERERHpGj3x4i1W
HREbGwsfHx+cOXMGd+7cgampKdq3bw93d3e4u7ujVq1acHFxwfnz55GTk1PibX9xcXE4evQoLl68
iGvXriE+Ph41a9aEnZ0d3n77bQwfPlzpHez/tuGPP/5AUFAQbt68ifz8fNjY2KB3794YNmwY2rdv
r3S9a9euoX379hg1ahT27NmjsWNCRERERLpBJwM0EREREZGu0pkx0ERERERELwMGaCIiIiIiCRig
iYiIiIgkYIAmIiIiIpKAAZqIiIiISAIGaCIiIiIiCRigiYiIiIgkYIAmIiIiIpKAAZqIiIiISAIG
aCIiIiIiCRigiYiIiIgkYIAmIiIiIpKAAZqIiIiISAIGaCIiIiIiCRigiYiIiIgkYIAmIiIiIpKA
AZqIiIiISAIGaCIiIiIiCRigiYiIiIgkYIAmIiIiIpKAAZqIiIiISAIGaCIiIiIiCRigiYiIiIgk
YIAmIiIiIpKAAZqIiIiISAIGaCIiIiIiCRigiYiIiIgkYIAmIiIiIpKAAZqIiIiISAIGaCIiIiIi
CRigiYiIiIgkYIAmIiIiIpKAAZqIiIiISAIGaCIiIiIiCRigiYiIiIgkYIAmIiIiIpKAAZqIiIiI
SAIGaCIiIiIiCRigiYiIiIgkYIAmIiIiIpKAAZqIiIiISAIGaCIiIiIiCRigiYiIiIgkYIAmIiIi
IpKAAZqIiIiISAIGaCIiIiIiCRigiYiIiIgkYIAmIiIiIpKAAZqIiIiISAIGaCIiIiIiCRigiYiI
iIgkYIAmIiIiIpKAAZqIiIiISAIGaCIiIiIiCRigiYiIiIgkYIAmIiIiIpKAAZqIiIiISAIGaCIi
IiIiCRigiYiIiIgkYIAmIiIiIpKAAZqIiIiISAIGaCIiIiIiCRigiYiIiIgkYIAmIiIiIpKAAZqI
iIiISAIGaCIiIiIiCRigiYiIiIgkYIAmIiIiIpKAAZqIiIiISAIGaCIiIiIiCRigiYiIiIgkYIAm
IiIiIpKAAZqIiIiISAIGaCIiIiIiCRigiYiIiIgkYIAmIiIiIpKAAZqIiIiISAIG6Bds27YNX3zx
BdLS0tQqf+nSJUyZMgX379+v5JYRERERka5ggP6PJ0+eYPfu3Xj27Jm2m0JEREREOogBWomYmBgc
OXJE280gIiIiIh3EAK2Eg4MD/P39ERoaqu2mEBEREZGOqabtBuii999/H8nJyfDx8YGFhQWaNm1a
7rqSkpIQERGBmzdv4tGjRygsLESTJk3Qvn17dOvWDbVq1VK63uHDh3Hs2DFs2rQJmZmZCAoKQlRU
FJKTk2Fqago7Ozt0794dDRs2BAAUFRUhMjISYWFhiI+PR05ODpo2bYpOnTrByckJ1atXV9nGZ8+e
4erVq7hy5QoSEhIghEDTpk3h6OiIDh06lLouERER0etG5wJ0cnIy7ty5g6SkJGRlZaGoqKhC9U2c
OFHyOsbGxpg0aRJWr14NLy8vzJ49G0ZGRpLqEELg4MGD8Pf3R6NGjWBvb4/27dsjPz8f9+/fx/79
+3H58mXMnDkTtWvXVllPQkICNm3aBFNTU7Rr1w61atVCcnIyAgMDceHCBUybNg1NmzaFt7c3oqOj
4eTkhB49eqCgoACxsbHw8fFBZGQkpkyZgjfeeKNE/f/++y+8vb1x/fp1dO7cGT179gQAxMfHY8eO
HbC2tsbEiRNhamoqaf937NghqTwRERGRnL6+PmrXrg0LCwtYW1vD3Nxc200qRqcCdFBQEG7evKnt
ZgAALC0tMWbMGHh5eWHPnj2YPHky9PXVH/Gip6eHWrVqYcqUKXBwcICBgUGx5eHh4fj1118REBAA
d3d3lfV4eXmhb9++cHFxKbb9Xr16Ye3atfDx8UHLli2RnJyMr776SnFHGgDc3Nzg7++PgwcP4ty5
c3BzcytWd0FBAby9vfHvv//iq6++KnGnvX///ti+fTu2b9+OTz/9lHeiiYiIqEoUFRUhIyMDGRkZ
uHnzJmxtbdGtWzdtN0tBZwJ0QEAAEhMTAQD29vawsrKCqamppNCqaW+99RYePHiAU6dOwdLSEn37
9pW0/rvvvqty2ZtvvolOnTohODgYQ4cOVbmf1tbWirvCLzI3N8fAgQOxe/duJCUlYf78+cXCM/A8
xPfp0wehoaEIDAyEq6sr9PT0FMtDQ0Nx/fp1peEZABo2bIgPPvgA3377LUJCQvD222+ru+vluvNP
REREBDwP0Glpabh37x6io6Nx8+ZNZGVllbgZqC068RBhUFAQEhMTYWxsjMGDB6Nz584wMzPTaniW
Gzp0KOzs7HDgwAHExMRotO5mzZohIyMD2dnZKst07dpV5TIbGxsAgEwmg5WVldIy1atXR9u2bZGS
koLMzMxiy4KDg9G5c+dSx3ibm5vDyckJwcHBpe0KERERkcbo6+vDzMwMnTt3xuDBg2FsbIzExEQE
BQVpu2kAdOAOdHJysmLYRq9evWBmZqblFhVXvXp1jB8/HqtXr4a3tzfmzZuHBg0aqL1+QUEBHjx4
gJSUFDx9+hRCCMWyhIQERRlVStuWiYkJAKB58+altqFevXoAgLy8PNSpU0exzZs3b8LBwQGBgYGl
rp+dnY3bt2+joKAA1appvcsQERHRa8TMzAy9evXC4cOHcfPmTZ0YE631NHTnzh0Az4dt6Fp4ljM1
NcWkSZOwdu1aeHt7Y+bMmahRo0aZ68XFxWHHjh1ISkoq97ZLG3csH1ddVlvk5V4M73l5eQCAq1ev
4urVq2q1JScnRxHAiYiIiKqKmZkZ7O3tER0djTt37jBAy8OlqiEIusLa2hqenp7w9fWFn58fRo0a
VWr53NxcbN68GdWqVcPMmTMhk8lQq1atYmOQT58+jf3791d205WqVasWDAwM0LdvXwwZMkQrbSAi
IiJSl5WVFaKjoyt0Y1JTtD7IOCsrCwAkT5OmDT169ICzszP+/vtvXLhwodSy9+/fR2pqKt577z20
bdsWhoaGxcKzthkYGKB169aIiYkpdmeaiIiISBfJs6I8O2qT1gO0fJ5nXXhgsCx6enrw8PCAlZUV
fH19cf36dZVlnz59CgAwNDRUuryoqAixsbGV0k51de3aFXFxcQgPDy+1XGljtImIiIiqgjwrVvQd
IZqg+6lVx9SsWRMTJ06EoaEhLl26pLKchYUFAODixYslAmhBQQEOHz6Mu3fvVmpby9KpUyd07NgR
3t7eCAsLK3EnWgiB8PBw/PTTT8jJydFSK4mIiIh0i9bHQL+MzM3NMWHCBKxfv77UMkOGDMGhQ4cQ
Hx+Pjh07wsjICBkZGbhy5Qrq1q2LgQMH4vfff6/Clhenr6+PcePGYe/evdiyZQtkMhns7e1hZGSE
rKwsxMTE4J9//kGvXr2UvsWQiIiI6HXEAF1O9vb2cHd3x4EDB1SWeffdd9G0aVNcunQJ58+fR1FR
EZo0aQJXV1d07doVV65cqcIWK2doaIiJEyeia9euCAsLQ1RUFFJSUlCvXj3Y2NjgvffeU8w3TURE
RESAntDyE2Q7duwAwDfXEREREVHpdCU3cgw0EREREZEEDNBERERERBIwQBMRERERScAATUREREQk
AQM0EREREZEEDNBERERERBIwQBMRERERScAATUREREQkAQM0EREREZEEDNBERERERBIwQBMRERER
ScAATUREREQkAQM0EREREZEEDNBERERERBIwQBMRERERScAATUREREQkAQM0EREREZEEDNBERERE
RBIwQBMRERERScAATUREREQkAQM0EREREZEEDNBERERERBIwQBMRERERScAATUREREQkAQM0ERER
EZEEDNBERERERBIwQBMRERERScAATUREREQkAQM0EREREZEEDNBERERERBIwQBMRERERScAAXQXy
8vIwd+5cvP322/Dz89N4/bNnz4aVlRV27dqlssyECRNgZWWFo0ePanz7pNrreNwrY58r+zNEVYfn
koheBQzQVeD69evw8/NDUlISNmzYoO3mEL10+Bl6dfBcEtGroJq2G6BLzp8/j/Hjx5daxtTUFI0a
NULLli3Rvn17uLi4oFWrVqWuY2dnh2HDhuHSpUuYMWOGJpv8WktLS8Ply5dx8eJF3L17F0lJSUhN
TUWjRo0gk8nQoUMHODo6omPHjjAwMNB2c6kCKvszVFBQgCFDhuD69evo3LkzfH19oa/P+wuVgddD
InoVMECrUKtWLaU/T0tLQ1paGq5fv46jR49ixYoV6N+/PxYsWICmTZsqXadmzZpYs2ZNZTb3tVJU
VITff/8da9aswePHj4stq1atGm7fvo3bt28jICAAACCTyTBz5kwMGDAA1aqxy7+MKvszdPbsWVy/
fh0AEBoaisuXL6Nr166Vtr3XGa+HRPQqYJpQISoqSuldy8LCQmRnZ+PBgwe4ePEidu3ahePHjyMk
JAQ7duxA27ZttdDa14cQAuvWrcP69esBACNGjMDgwYNhY2MDU1NT6OvrIzs7G/Hx8bh27Rr+/PNP
XLp0Cd999x1cXV0ZoKkEIQS2b98OAHBxcUFgYCC8vb0ZoImISCWmCYkMDAxQp04d2Nvbw97eHh4e
HliwYAFOnz6NqVOn4siRIzAxMdF2M19ZISEhivC8YcMG9O/fv0SZ2rVrw87ODnZ2dvD09MSlS5fw
4MEDGBoaVnVz6SVw+fJlhISEwNbWFj/++CPeffddnDx5EtHR0bC3t9d284iISAdxkF8FmZmZYc2a
NWjevDkSEhLg6+ur7Sa90v78808AwOjRo5WGZ2WcnJzg6elZmc2il5i3tzcAYPLkyTA1NcXEiRMB
AD4+PtpsFhER6TDegdaAOnXqYNKkSViyZAkOHTqEKVOmQE9Pr1iZCRMmIDAwED///DMGDhxYZp2F
hYUICgrC2bNnERYWhvv376N+/fqwsrJCz5494erqCnNz83K3WV7/qVOnEBMTg/v378PIyAitWrVC
9+7dMXjwYJiamqpdnxAC4eHhOHPmDEJDQ3Hv3j0IIdCiRQt07NgRvXv3xltvvVXhh/liY2MBQKNf
r7dt2xa5ubk4ePAgHBwc1FqnR48eiI+Ph4+PD7p166b2tjR53DMzMxEYGIgrV67g2rVrePjwIZ4+
fYomTZrgzTffxDvvvAMnJye1j3lBQQH+/vtvnD17FhEREXjw4AHq1KmDNm3aoHv37ujXrx8aNmyo
9r6+KCYmBv7+/ggLC8Pdu3cBANbW1nByckLfvn1hY2NTZh1SP0PqtisgIACNGjVS/EHm7u6On3/+
Gfv378fHH3+MFi1aqF2fvI3yfpGTk4MLFy4gICAAd+7cQa9evfDpp59WeB25inzutm3bhhUrVuDT
Tz9VWf+LMjMz0b17d2RmZuLIkSNqDVc7c+YMPvjgA0yYMAGLFy8usc+aPJdERFWJAVpD2rVrBwC4
efMmMjIyKjSMIz4+HgsXLkRQUFCxn2dmZuKff/7B6dOnsXbtWixdurRcv3zi4uKwZMkSBAYGFvt5
amoq4uPjcfr0aaxfvx4//PADevbsWWZ9jx8/xrJly3Ds2LESy9LS0hAREQEvLy+4uLjgm2++Ufmw
pTry8/MBANnZ2eWuQ1s0ddzz8/Ph7e2NLVu2IC0trcTy1NRUXLt2DTt37sTAgQOxfPnyMvtjXFwc
5s6diytXrhT7eXZ2NpKSknD69Gn88MMPWLZsGYYNG1biD0RVcnJy8NNPP2Hbtm0lliUnJyMoKAhr
167Fxx9/jJkzZ6JmzZpq1asp8rvMkyZNUgzxadCgAcaOHYstW7Zg7969WLBgQbnqvnfvHubMmYPI
yEjFz1xcXDS2TkU/d66urlixYgX8/PwwdepUvPHGG6W27e+//0ZmZiYA4K+//lIrQB85cgQA1P62
iIjoZcEArSHGxsaKf2dlZZU7QF+7dg0TJ05EamoqmjdvjkmTJqFHjx4wNzeHvr4+kpOTceHCBezY
sQOffvopsrKyJNWfmJiIn376CSkpKZg3bx569+4NS0tL1KhRA//++y+ioqKwadMmhISE4KOPPoKv
ry86deqksr579+5h8uTJiIuLU9ne4OBgeHt7IzAwEB4eHti6daviDw6pOnTogFu3buHw4cMYNmwY
qlevXq56qpomj/uuXbuwcuVKNGrUCHPmzIGTkxNatmyJ2rVrAwCSkpJw4cIFrF27VvEyk3Xr1qkM
vVevXsXkyZORmpqK/v37Y/To0WjTpg1MTEyQn5+P+Ph4nDlzBr/88gvmzJmDf/75B7Nnzy5zn58+
fYq5c+fixIkT6NOnD0aPHo127drB1NQUOTk5ePDgAY4fP46tW7di8+bNiIqKwq+//gojI6NyHmVp
4uLisG/fPhgZGWHYsGHFlo0YMQJbtmzB7t27MXHiRMl33p88eYIvv/wS2dnZWLp0KXr06AELC4tS
Q6qUdTTxuWvevDl69uyJc+fOITQ0FG+//Xap+3To0CHFv/38/DBt2rRS/+BJSUnBsWPHYGNjg44d
O5ZaNxHRS0domZeXl/Dy8tJ2M4QQQgQGBgqZTCZkMpkoKCiQtG5ERIRi3SdPnpRYPn78eCGTycSR
I0dU1pGamipcXV2FTCYTH3zwgUhJSVFZNi0tTcyYMUPY2NiInj17CplMJnbu3KmyvHz7MplMvP32
2+LGjRsqy2ZnZ4uPPvpIyGQy4e7urvJYZGVlCXd3d7Xam56eLj7//HMhk8mEq6urSE1NVVm2NGFh
YYr9mDlzpkhMTCxXPS9q06aNkMlkIjIyUu11XFxchEwmExcvXiy1XGUc94yMDLF+/XqRkZFR6rav
X7+u2LfLly8rLfNin9uzZ48oKipSWd8///wj3NzchEwmE/7+/irLyfdZ3i+3b99e6ucpIiJCcTyX
LFmisg3qfIak+P7774VMJhOrV69Wunzu3LlCJpOJX375Re06X9z33r17i3/++Ufj62jyc3f48GEh
k8nEokWLSt1mXFyckMlkon///mLcuHFCJpOJs2fPlrrO3r17hUwmE1u3bi2xTNPnkoheH7qSG/kQ
oYZERUUBeH5XR8rY4Rdt2bIFd+7cgUwmw6pVq1C/fn2VZevWrYtvv/0Wtra2iIuLk7Sd7777Dra2
tiqXGxoa4osvvgAAREREICYmRmm5HTt2ICIiQq321qlTB9988w3atWuHO3fuYOPGjZLaLPfmm29i
w4YNqFGjBo4cOYKePXti3rx5OHbsGBISEiCEKFe9VUFTx93Y2BjTp08v9q2HMq1bt8bo0aMBABcu
XFBaRt7npk2bhlGjRpU6NKNFixaKY7906dIyv/2Ii4vDRx99hEmTJpU6DrtDhw5YvXo1gOd31y9f
vlxqvZqQnJyMXbt2AYDKB0zHjBkDANi+fTsyMjIk1R8XF4fly5dLGj+t7jqa/Nz16NEDRkZGOHDg
ANLT01XWc/LkSQDP78x7eHgAQJmvape/ptvV1bXUckRELyMGaA34999/FfPIShkf+qKsrCzFL/TP
PvtMrRBubGyMWbNmSdqOo6MjunfvXma55s2bKx6Okz+496KcnBzs2LFDUnsNDQ3x+eefA3gelJSN
31VH//79cfjwYXh4eKCgoAB//PEHZsyYARcXF/Tr1w8rV67E6dOnSw0EVU1Tx10q+Vf2t2/fLrFM
3ueqVatW5hs45WxsbDBixAg8evRIZSiXMzY2xtSpU9Wqt0uXLhg5ciQA4MCBA2qtUxEHDhxAbm4u
Ro4cCUtLS6Vl2rdvj549eyI1NRWHDx+WVP+bb74p+UFXddbR9OeuTp06cHd3R25ubomx+XKFhYX4
/fffATwPwz179oSxsTEOHz5c4kVGcjdv3sSVK1fQu3dvNG/evMw2EhG9bBigK+jx48eYNWsW4uPj
YW5ujlGjRpWrnpiYGOTm5qJGjRpqPbgn17Vr11LvQP2Xi4uL2gG/TZs2AKD0l2RsbCzS0tLK3d6C
ggJcvXpV7fX+y8bGBqtWrUJISAg2bNiA999/HxYWFrh9+zZ+/fVXfPjhh3BycsKCBQsUb5jTJk0d
d6nkY1RTU1NLLIuNjUVubi66dOkiqQ/JQ95/Hzj8r2HDhkl6FkD+QOyJEydQWFio9npSZWRkKB5q
fP/990stK5/Sbvv27cjLy1N7G87OzpL/kFZnncr43Mkf8FP1R0JkZCRu3bqFwYMHw8LCAsbGxhg+
fDgKCgpw9uxZpevI3wI6dOhQtdtIRPQy4UOEEhUUFCAzMxPx8fEICgqCt7c3kpOTYWJigg0bNqBB
gwblqjcxMREA0KpVqzK/mn9RzZo1YWdnh/Pnz6tVvlGjRmrXLX+YKycnp8Sy+Ph4ANLbW6NGDUV7
5XVURP369dG/f3/0798fS5cuxb179xAVFYVz587B398f+/fvx/79+7FkyRKMGzeuXN8OaIKmjruc
EAIhISE4c+YMrl69iocPHyItLQ1FRUXFysn/v6CgoEQdCQkJAICgoCBJb9CU11nW0CF1pqZ7kfxO
ZXZ2NpKTk2FhYSFpfXUdOXIEqampcHNzK3O/u3Xrhg4dOiAyMhIBAQEYPHiwWtto3Lix5Haps05l
fO4cHR0hk8lw+vRpJCQklJit48SJEwCAIUOGKH42YMAAeHl5wc/PD8OHDy9W/tmzZ/jjjz9gbGyM
Hj16qN1GIqKXCQO0ClJ++b/zzjuYP38+WrZsWe7t5ebmAkC55naWEtqlTBMmD5vKxhXLw11F2lta
QCwPAwMD2NjYwMbGBu+99x4SEhKwYcMG7N+/H8uWLUOdOnVKzLZQVTR13IHns1ssXboUe/furVCb
5H3uv/8uz/rK1K1bV1J9L96tLk971JGXl6e4+6zOsBUDAwNMmjQJM2fOxPbt2zFgwAC15tWuVauW
5Laps05lfO4MDAzg6emJlStX4syZMxg3bpxiWVZWFvz8/GBhYVFseImDgwPatm2LkJAQ3Lp1C61a
tVIsCw0NRXx8PCZMmCAp5BMRvUwYoFVQ9cvMyMgIderUwb179wAAmzdvhqura4XvbMq3l5ycLHnd
lJSUCm27PORz5lakvZU9XVnTpk3x3XffQV9fH3v37sXGjRsxdOjQEudKX//5SCYpDyAqGxJRVby8
vLB3714YGxtj3rx5cHZ2RsOGDVGjRo0SZQMCAvDxxx8rrUd+Dnv06KEYV6tJ//77r6TyL45ZL08A
VcfJkycVd84XLVqk1udWPpzk2rVrCAwMRK9evSqlbeqorM+dq6srVq5cCT8/P4wdO1ZxXM6fP4/0
9HRMmDCh2B+B+vr6GDFiBBYvXgx/f/9iAVp+x5pzPxPRq4wBWoWoqCiVd5qEEPjiiy+wb98+/P77
7+jTp0+F37An/9r01q1byMzMVPvOTX5+vlbG+MofvJLa3qdPnyra26xZs0prn5yenh5GjhyJvXv3
4t69e3jy5EmJ8b7169dHdna22nc909LStPYil7y8PGzduhUAsGbNGrzzzjvlrkt+DiMjI5GXl6fx
l5jcuXNHUnl5sDU2Nq7QWzZVKSwsLPZCl3/++UdyHdu3b0fPnj21NhSosj53VlZWcHZ2xvnz5xET
EwN7e3sAwJ9//gkAePfdd0us4+rqisWLF+P333/HlClT8MYbbyA9PR0HDhzg3M9E9MrjQ4TloKen
h/nz58Pa2hqnT5+Gt7d3hets27YtjIyMkJ+fj7///lvt9YKDgzXysJlUbdu2Rb169SS399KlS3j8
+DFq1Kih9muzK+rFkCG/2/wieShRN1DJpyzUhkePHilmUVBnVo9nz56pXCY/h+np6WXOqFEeBw4c
ULy5Th3yN+r179+/wn+QKnP+/Hlcu3YNzZo1Q2xsLO7du6f2f+Hh4TAxMUFQUBDCwsI03jZ1Vebn
Tj68yd/fH8DzMfInT55Et27dit1hlmvYsCGGDh2KhIQEhIaGAnj+tsLc3FwMHz68Us4hEZGuYIAu
p7p16+L7778HAKxcubLYq3fLw8jISDH28Oeff1ZriresrCz8+OOPFdpuedWsWROTJ08GoH575a91
Bp6PP5U6RhYAwsPDJc/QIA+8jRs3Vjrtl6OjI4DnAa6sYRyFhYXYuXOnpO1r0ot/AJR1HAoKChRT
Iyrz4jlcs2aN2kMu5K9TL0tmZiY2bdqkVtnQ0FD4+voCANzd3dVaRwohdbqv4wAAIABJREFUBLy8
vAA8n1lD6t32unXrKj6f2jz/lfm569mzJ2rVqgU/Pz/k5+cr5n6Wz/usjPyhyuPHjwP4vzvWnPuZ
iF51DNAV8Oabb2L+/PkoKCjAggULKjzv8EcffQRbW1vcuXMH8+fPL/XOcnp6Or788ktcu3YNVlZW
FdpueY0fPx6Ojo5qtTczMxNfffUVIiMjYWtrq3JcbmmSkpIwduxYzJo1S+m8xsrcvn0bq1atAgBM
njxZ6Vfv/fr1A/D8bv6ePXtU1lVYWIiff/4Z586dq7QxumVp3LixYrYG+VhTZQoKCvDDDz8o7gyq
Mn78eHTu3Bk3b97E559/jv/973+llg8NDcWQIUPw4MGDMttqZWWFzZs3Y8eOHaWG/atXr2LOnDkA
gEmTJqFz585l1i1VWFgYLly4ACMjI7Vn0viv9957D8DzP7Ru3LihyeZJUlmfu7p162LYsGF49OgR
goOD8ccff8DIyKjUMd/dunVD48aN8eeffyIiIgLnzp3j3M9E9FpggK6gSZMmoUePHrh16xZWrVpV
oTfhmZiY4IcffoC5uTlOnTqF4cOHw8fHBw8ePEBeXh6ePn2KhIQE7Nu3D56enjhy5Ahmz56tCIBV
zdDQEKtXr4aVlZXK9iYmJuKPP/7AyJEjcfDgQVhYWGDNmjXluvv89OlTWFpa4siRI+jbty+mT58O
Pz8/3L59G+np6SgsLERhYSHS09Nx9epVrFu3Du7u7khKSsI777yDESNGKK3XxsYGM2fOBAB89dVX
WL58OWJjY5GXlwchBNLT0xEUFIRPPvkE69evx8yZM7U2vrNatWqKl5N88cUXWLNmDW7fvo2cnBwU
FhYiJSUFZ86cwYcffogtW7aU+SIT+Tm0sbHB33//DXd3d+zYsQO3b98utv9XrlzBkiVLMGLECNy6
davMOaABYMGCBejWrRuWL1+OqVOn4ty5c3j8+DEKCwuRmZmJmJgYrF69GsOHD0d8fDxcXFwkvxhI
XfI78ePGjUO9evXKVYelpaXirYWl/aFV2SrzczdgwAAAwIoVK3D9+nV4eHiUOpf3G2+8gZEjRyI3
Nxfz588HwLmfiej1wIcIK6h69epYvnw5hg4dCl9fXzg5OWHQoEHlrq9t27bw8/PDl19+icDAQCxe
vFhpuVq1auGbb77BiBEjtDaMA3g+d+/+/fvx9ddf4/DhwyrbCzz/ivjbb78t9/y+8m3t2bMH27dv
x/HjxxVfHatSrVo1TJs2DVOmTFHMYKDM9OnToaenh3Xr1mHHjh0qZ6WYO3cuPvzwQ0yYMKFc+6AJ
o0aNwv/+9z9s2LABGzduVPpadGNjY6xbtw5NmjQpcxiFpaUl9u3bh++++w6///47li9frrJss2bN
sHDhQrX+aDM0NMTGjRvx/fffY9++fTh16pTKstOmTcP06dOVziRSUTdu3FC8drq04QjqGDVqFPbv
3w8fHx98+OGHVfIgrDKV9blzdHRE8+bNFQ+AygN1afr27Yu1a9fizp07nPuZiF4bDNAa0LRpU3zz
zTf45JNPsHjxYrRv375CX2E2adIE27dvR3BwMM6cOYOwsDDcv38f9erVg0wmg7OzM9zc3NCkSRMN
7kX51atXDz/++CPGjRuH06dPIzQ0VDHEonnz5nB0dESfPn3w1ltvKX2ITwpjY2NMmTIFY8eORURE
BK5evYrIyEg8fPgQiYmJMDQ0hIWFBSwtLdG1a1c4OTmpFXKqVauGTz/9FP3798exY8dw6dIl3L9/
H8DzoQhvvfUW+vfvL/nlIJVBX18fs2bNwjvvvINjx47h8uXLiIuLg7GxMWQymeKV5k2aNEF4eLha
ddatWxcrV67EuHHjcOrUKYSGhuLOnTvIz8+HpaUlbG1t4ezsrHiNs7pMTEywYsUKeHp64uTJkwgP
D1dMAdmqVSt07doVbm5ulXpc5XeLhw4dCplMVqG6HBwc4OLigsDAQOzbt08x9EQbKuNzV716dQwf
Phw//PADbG1t1fqmxcbGRjGDx3vvvce5n4notaAnKjLmQAPkd/rkr8wlIiIiIlJGV3Ijx0ATERER
EUnAAE1EREREJAEDNBERERGRBAzQREREREQSMEATEREREUnAAE1EREREJAEDNBERERGRBAzQRERE
REQSMEATEREREUnAAE1EREREJAEDNBERERGRBAzQREREREQSMEATEREREUnAAE1EREREJAEDNBER
ERGRBAzQREREREQSMEATEREREUnAAE1EREREJAEDNBERERGRBAzQREREREQSMEATEREREUnAAE1E
REREJAEDNBERERGRBAzQREREREQSMEATEREREUnAAE1EREREJAEDNBERERGRBAzQREREREQSMEAT
EREREUnAAE1EREREJAEDNBERERGRBAzQREREREQSMEATEREREUnAAE1EREREJIHWA7S+/vMmFBUV
abklRERERKSr5FlRnh21SestqF27NgAgLS1Nyy0hIiIiIl0lz4ry7KhNWg/QFhYWAIB79+5puSVE
REREpKvkWVGeHbVJ6wHa2toaABAdHY0nT55ouTVEREREpGuePHmC6OhoAP+XHbVJ6wHa3Nwctra2
AICzZ88yRBMRERGRwpMnT3D27FkAgK2tLczNzbXcIkBPCCG03QgACAgIQGJiIgDA3t4eVlZWMDU1
1YmB4kRERERUdYqKipCWloZ79+4p7jw3adIEbm5uWm7ZczoToAEgKCgIN2/e1HYziIiIiEiH2Nra
olu3btpuhoJOBWgASE5Oxp07d5CUlISsrCxOb0dERET0mtHX10ft2rVhYWEBa2trnRi28SKdC9BE
RERERLqMA4yJiIiIiCRggCYiIiIikoABmoiIiIhIAgZoIiIiIiIJGKCJiIiIiCRggCYiIiIikoAB
moiIiIhIAgZoIiIiIiIJGKCJiIiIiCRggCYiIiIikoABmoiIiIhIAgZoIiIiIiIJGKCJiIiIiCRg
gCYiIiIikoABmoiIiIhIAgZoIiIiIiIJGKCJiIiIiCRggCYiIiIikoABmoiIiIhIAgZoIiIiIiIJ
GKBfMjk5Ofjhhx+wZs0a5OXlabz+6OhoTJkyBbdu3dJ43URERESvAgZoAKGhoZgyZQquXbtWZtns
7GxMnz4dK1asgBCizPL+/v6YMmUKMjIyNNFUFBQUIDk5GY8fP0ZBQYFG6iQiIiIi9TFAA2jdujUM
DAwQFRVVZtnr16/j2bNniIuLw8OHD0stK4RAaGgoOnbsiDp16mikrXXq1MHy5cuxdOlS1K5dWyN1
atqNGzcwZcoUREdHa7spRERERBrHAA3A2NgYHTt2RGhoKPLz80stGx4eDjMzMwBATExMqWUTExMR
Hx+Pjh07aqytAFCjRg3UqFFDo3USERERkXoYoP+/Dh06IDc3F7dv31ZZJiMjA2FhYXB1dYWtrS1C
QkJKHcYhD9h2dnYaby8RERERaUc1bTdAV7Ru3RoAEBUVBXt7e6VlYmNjAQBt27ZFtWrV4OPjg8TE
RDRt2rREWSEEQkJC0KFDB6XDN4QQuH37NkJCQvDPP/8gMzMTFhYWaNeuHbp06VLqkI+VK1eiVq1a
mDlzptLlOTk5CAsLQ2RkJB4+fAgDAwM0a9YMnTp1QseOHVFQUICZM2fCw8MDrq6uKrdTWFiIsLAw
hIeHIz4+Hk+fPoWlpSU6deqELl26oFq14t3nxIkT+PPPPxX/v379+mLLv/76azRs2FDl9oiIiIhe
BjoXoJOTk3Hnzh0kJSUhKysLRUVFFapv4sSJapUzNjZGp06dEBoaivfee0/pEImwsDC0bt0a5ubm
MDAwAPD8LrOyAJ2QkICEhASlAfXZs2c4ePAgTp8+DVtbWzg6OqJmzZp4/Pgx/P39cfr0aUyePBnW
1tYS9xZ48OABvLy8kJSUhA4dOsDFxQXVqlVDUlISvL29cfnyZYwePbrMerKzs7Fx40YkJibC0dER
tra2yM/PR3R0NHbu3ImrV6/igw8+QPXq1RXrtGrVCu+//z4ePXqE06dPo1evXmjcuLFiuZQx2zt2
7JC240RERPTK0NfXR+3atWFhYQFra2uYm5tru0nF6FSADgoKws2bN7W2/Y4dOyIsLAx37txB27Zt
iy1LS0tDVFQUxowZAwAwMzND27ZtERISAjc3N+jp6RUrL79b3aZNmxLbOX78OAIDA/Hxxx+jQ4cO
xdYdMGAA9u3bh02bNmHhwoWoX7++2u1PS0vDxo0bUatWLSxcuBAtWrQotnzQoEHw8fHBnj17yqxr
//79aNmyJZYsWQJDQ0PFz/v27Yu//voLf/75J86ePQs3NzfFspYtW6Jly5a4ceMGTp8+DXt7e5V3
84mIiIhUKSoqQkZGBjIyMnDz5k3Y2tqiW7du2m6Wgs4E6ICAACQmJgIA7O3tYWVlBVNTU+jrV90w
7ReHcfw3QMvHM7/4c0dHR+zcuRMJCQlo1qyZ4udCCFy+fFnp8I2HDx/i+PHjGD9+vNKHCw0NDTFm
zBisXbsWx44dw/jx49Vu//Hjx5GdnY0ZM2YovStuamqKyZMnY/Xq1WXW9cYbb+D/sXfncVVX+R/H
3yyyI1xAFAwXxB0119wVC1NLLTMmlzJbRpuarCmrX5mWNc40Y6ZlkzWa5Wg41dhoNbmmpuG+466I
CqKyiggCwv39wcCIrF+4eC/6ej4ePh5xv+d7vp8vcvPNued7ztixY+Xi4lLsdTs7O4WHh2vPnj1a
v369wsPDS/zyYAmV/eQAAADcevLz85WamqqYmBhFR0fr6NGjysjIKDZwZ0028RBhVFSU4uPj5enp
qWHDhqlr167y9fW9qeFZ+t80ju3bt5dYjWPnzp0KDQ2Vj49P0WuFo8s3rsYRFxen+Pj4UgPy3r17
5eHhoa5du5ZZR506dRQWFqZt27bp8uXLlao9IyNDW7ZsUc+ePUsNz4Xc3Nwq9cPXq1evEuG5kKOj
o9q2bauUlBSlpaVVqj4AAIDKsre3l6+vr7p27aphw4bJ09NT8fHxioqKsnZpkmxgBPrixYtF0zbC
wsKKloizltKmcSQlJenw4cMlRkW9vb115513avv27br33nuLRmLLW30jLi5O7u7u2rJlS7l1JCcn
Ky8vT8nJyfL09Kyw7qSkJOXm5qpFixYVtg0ODq6wzfVzl0tT+PdUE7shAgAAFPL19VVYWJhWrFih
o0eP2sScaKsH6BMnTkgqmLZh7fAsSS1btpQkHThwoChAF24IUlog7tSpkz7//POiaRyFq2906NBB
Xl5eJdqnp6frwoULWrJkSaXqycjIqFS7zMxMSZK7u3uFbV1dXSts4+TkVO7xwhU4qvuQJwAAQEV8
fX0VGhqq6OhonThxggCdkJAgqXKjojdD3bp11alTJ+3YsUMjRoyQk5NT0W6CpQXiNm3ayMHBQdHR
0QoKCiqavlHWNAkvLy81btxYr7/+ukXrLnzQrzKBOysry6LXBgAAqGnBwcGKjo4uyo7WZPU50IWB
z2QyWbmS/+nUqZMyMjJ08uRJnT9/XidOnFDnzp1LbVu4i+G2bdtkNpvLHa2WpEaNGun06dNKTU21
aM3+/v5ycnKq1ComhaP+AAAAtUVhVqzsp/M1yeoBunAKwM1+YLA8hdM49u/fr+joaDk4OJS7m2Cn
Tp2UkJCg06dPa9u2bWVO35BU9GDh2rVry63h2rVrhmp2c3NTz549tXXrVp09e7bMdpmZmVqzZo2h
vo0qXBs6JyenRq8DAABuH4VZ0Ramj9pOarUh10/j2Lp1qzp37lzuJiCtWrVSnTp1tHz5ciUkJKhT
p05ltvX399fIkSO1du1aff/996WGzDNnzuivf/2r4uLiDNU9ePBgeXp6av78+YqNjS1xPDU1VQsW
LChzdQ1LKVyppHAt7EJ5eXk1el0AAICbwepzoG1Vx44dtXv3bl2+fFlDhgwpt627u7s6d+6srVu3
SvrfetJlufvuu5WXl6fvvvtOW7duVadOneTj46OcnBydPHlS+/btU4sWLcrdzrs03t7eevbZZ7Vg
wQL96U9/0p133qmmTZvKwcFBCQkJ2r59u1q0aKGxY8fqnXfeqbFRf5PJpL59++qXX35RVlaWgoOD
dfHiReXm5uqxxx6rkWsCAADcLAToMhSGYCcnpwoDsVQQuLdu3aoOHTrI29u73Lb29vYaNGiQQkND
tWvXLh07dkxbtmyRq6urGjdurKefflodO3Ys2i7ciDvuuEOTJ0/W7t27tWfPHm3cuFF2dnZq1KhR
0eYtly5dkqQaHYkeOXKk6tWrp71792rVqlVq3Lix+vTpU2PXAwAAuFnszGaz2ZoFLFy4UBI7z91M
J0+e1F/+8he98MIL5c7tBgAAsCW2khuZA32LqczvQ/v375eTk1Ox7ccBAABQOQToW0hCQoLef/99
HTlypNQnVM1ms3bs2KGVK1cqPDy83AcjAQAAUDrmQN9CHBwc5ODgoA8++ED169dXmzZt5OPjozp1
6ujy5cs6fPiwYmJi1LVrVw0aNMja5QIAANRKBOhbiL+/v1544QWdOHFChw4dKlrRIzMzUz4+PgoO
DtZ9992nNm3a2NS62wAAALUJAfoWY2dnp+bNm6t58+bWLgUAAOCWxDAkAAAAYAABGgAAADCAAA0A
AAAYQIAGAAAADCBAAwAAAAYQoAEAAAADCNAAAACAAQRoAAAAwAACNAAAAGAAARoAAAAwgAANAAAA
GECABgAAAAwgQAMAAAAGEKABAAAAAwjQAAAAgAEEaAAAAMAAAjQAAABgAAEaAAAAMIAADQAAABhA
gAYAAAAMIEADAAAABhCgAQAAAAMI0AAAAIABBGgAAADAAAI0AAAAYAABGgAAADCAAA0AAAAYQIAG
AAAADHC0dgG2LC4uThs3btTOnTt1+PBhJSQkyNHRUf7+/mrVqpW6du2qsLAwBQQElDh31qxZmjt3
bqWv9fjjj2vq1KmWLB8AANQChw4d0pw5cyRJn3zyieztKz++eezYMX300UfKycnRxIkT1bFjxwrP
yczM1PHjx3Xs2DGdPXtWiYmJyszMlMlkkslkUqNGjdS8eXOFhITIxcWlyvd1KyNAlyI1NVVz587V
woULyzx+9OhRLV++XIGBgVqzZo1cXV2Ltblw4YIkydnZuVJvBCNvFgAAgOPHj+vjjz9WTk6Onnrq
qQrDc1ZWljZs2KC1a9cqIyOjxPGEhAQlJCTo0KFDWrlypUwmkwYNGqQePXrI2dm5pm6jViJA3+DU
qVOaOHGijh8/LpPJpCeeeEI9evRQcHCwPD09ZWdnp8uXLysuLk6bN2+Wr69vifAsSfHx8ZIKfpPs
37//zb4NAABwCzt58qQ+/vhjXb16VY899pi6du1abvvY2Fh9/vnnRQN8nTp1UufOndWoUSOZTCY5
OjoqJydHGRkZOnPmjPbt26ctW7YoMjJSu3fv1hNPPCFvb++bcWu1AgH6OklJSZowYYJOnDihQYMG
6Z133pGvr2+Jdl5eXvLy8lLbtm3L7Cs2NlaSSj0fAACgqk6dOqW5c+cqKytLo0aNUq9evcptf+TI
Ec2dO1e5ubkKDAzU2LFj1axZsxLtnJ2d5ezsLF9fX3Xs2FH33HOPli5dqqNHj+rIkSPq3r17Td1S
rUOAvs6sWbN04sQJhYeHa/bs2XJycqpSP1evXtW5c+ckEaABAIDlxMbGau7cucrMzNRDDz1U4afc
CQkJmjdvnnJzc9W1a1eNHj1abm5ulbrWHXfcod///vc6fvy4QkNDLVH+LYMA/V+HDh3S0qVL5erq
qunTp1c5PEsFc6QL+fj4WKI8AABwmztz5ow+/vhjZWRkaPjw4QoPDy+3fX5+vr766itlZWWpadOm
GjNmTKnTTsvj7OxMeC4FT679148//ihJevTRR1W/fv1q9ZWSkiKp4Dc3nl4FAADVFRcXp7lz5yo9
PV2DBw/W4MGDZWdnV+450dHROnbsmBwcHDRu3DjD4RllI0BLMpvNWrVqlSSpd+/e1e4vKSlJktS0
adNq9wUAAG5v8fHx+uijj3Tp0iXdc889Gj58eIXhWZK2bdsmSerTp0+pS+6i6pjCISk5OVkxMTGS
pObNmxe9vm/fPq1Zs0Y7duzQ6dOn5e7ursaNG6tTp066++671bp16zL7k6SGDRvWfPEAAOCWlZCQ
oLlz5yotLU39+vXTQw89VKnwnJ2drT179kiS7rzzzpou87ZDgNb/1myWJE9PT2VmZurPf/6zFi9e
XKLtqVOntGHDBs2aNUuPP/64XnjhBdWtW7dYm8TEREnS0qVLtXTpUkmSo6Oj/Pz8ZDKZ1LRpUzVv
3lx33XWXOnXqVK351gAA4NZ0/vx5ffTRR0pJSVGvXr0UERFR6X0jkpKSlJeXJ4kBvZpAgFbBwuKF
7OzsNHHiRG3atEkPPPCARo4cqVatWsnLy0vZ2dk6c+aM1q5dq08++URffPGFYmNj9be//a3YXOek
pKQS84yysrJ0/vx5nT9/XocPHy56vUWLFvq///s/9evXr+ZvFAAA1AoXL17U3Llziz7VDgoKkqNj
5WPb9dmmsqtuoPII0Cp4SrXQggULtGnTJn3wwQcaNmxYsY9J3Nzc1KpVK7Vq1Up33323nnzySW3Y
sEELFizQs88+W9TujTfe0BtvvFHsGmazWbm5uUpNTVVCQoL27NmjxYsX69ixYxo/frxmz56tYcOG
1fzNAgAAm5aYmKi5c+cqMTFRTZs21alTp7R06VL5+PioQ4cON7WWVatWadmyZerfv79GjRp1U69t
y3iIUMV/M5s1a5ZeeumlCifot27dWm+99ZYkaeHChbp8+XK517Czs5OTk5Pq16+vO++8U+PHj9f3
33+v3/zmN5IKQndcXJwF7gYAANRWSUlJ+vjjj3XhwgX17dtXL7/8sgYPHixJ+vzzz3Xq1KlK9XP9
J+GZmZk1UuvtjACtgnnP13vkkUcqdV7//v3l5+enlJSUYtMyKsvNzU1vvvmmmjdvritXrhStBAIA
AG5Pf/vb35SQkKDevXvrN7/5jRwdHTVs2DD16NFDV69e1aeffqqLFy9W2I+fn58cHBwkFaziAcsi
QEsKDAyUu7u7pIKR5cruHujk5FS0nff1DyIa4ebmpvvvv1+SdODAgSr1AQAAbg0JCQnq1auXRo0a
VTTn2d7eXqNGjVJoaKhSU1P12WefVfjJt7Ozszp27ChJ2rt3b43XfbshQEuqU6dO0T7yRiboSwVz
m6ty3vUKN25JS0urch8AAKD26969u0aPHl0iVzg7O2v8+PFq3Lixzp49q4ULFyo7O7vcvrp16yZJ
2rRpkxISEmqs5tsRAfq/hgwZIkk6fPhwpYNsTk6OoqOjJalauxeybjQAAJCksWPHljko5+HhoQkT
JsjPz08HDx7U0qVLiy2EcKN27dqpRYsWysvL05dffllsZQ5UDwH6v8LCwtSgQQNdu3ZN3377baXO
Wb9+vVJSUhQUFKQ2bdpIKvjopaKPVa539epV/fDDD5IKftABAMDtq3Decll8fX01ceJEubm5KSoq
St9//32Zbe3t7TV69Gi5uLjo1KlTWrx4MQ8UWggB+r88PT01depUSdKMGTO0cuXKctsfOXJE06ZN
kyQ9+eSTcnFxkdls1jvvvKNHH320aPef8uTm5mrmzJk6fPiwvLy8dO+991b/RgAAwC0tKChIv/3t
b+Xg4KD//Oc/2rRpU5ltAwICNHHiRNWpU0c7d+7UzJkzi3ZfrkhaWppOnjxpqbJvKQ5vFa7FZiWF
E9sLJ7pbU7NmzWRvb6+tW7fqxx9/1Llz5+Th4SEPDw85OTnp2rVrio2N1TfffKPJkycrLS1Nw4YN
08svvyx7e3ulp6fr+++/1/bt2/X111/r4MGDys3NlbOzsxwdHeXk5KS8vDxduHBBUVFRmjp1atHo
86effqpWrVpZ+TsAAAButsTERG3btk2SdP/991dqq+569erJz89Pe/bs0f79+9W0aVP5+/uX2bZ1
69Y6fvy4EhIS9Ouvv+r8+fOys7OTo6OjnJ2dZW9vr2vXrik9Pb1o1+V//OMfiouLU926dTVw4MAy
+7+ZbCU32pkLn4KzkoULF0qSxo8fb80yilm2bJlmzpyp8+fPl9vuueeeK/oYpVBOTo7+9a9/acGC
BZX6Da9ly5aaNm2aunfvXu26AQBA7XPo0CHNmTNHkvTJJ59Uertu6X8bnbi4uOgPf/iDGjduXGbb
rKwsrV+/XuvWrVNGRkaxYw4ODkVbfxdycXFR3759dffdd8vb29vAHdUcW8mN7ERYihEjRmjAgAHa
sGGDNm/erOPHjxf9BtakSRN1795d99xzj5o1a1biXCcnJ40aNUoPPfSQdu7cqb1792rPnj2Ki4vT
uXPn5O3trYYNG6pVq1bq06eP7rrrLrbYBAAAVTJw4EBdunRJ69at06effqo//OEP8vPzK7Wtq6ur
hgwZov79++vo0aM6fvy4zpw5o6SkJGVlZalevXry9vZWo0aN1LRpU7Vo0UIeHh43+Y5qB0agAQAA
UCvYSm7kIUIAAADAAAI0AAAAYAABGgAAADCAAA0AAAAYQIAGAAAADCBAAwAAAAYQoAEAAAADCNAA
AACAAQRoAAAAwAACNAAAAGAAARoAAAAwgAANAAAAGECABgAAAAwgQAMAAAAGEKABAAAAAwjQAAAA
gAEEaAAAAMAAAjQAAABgAAEaAAAAMIAADQAAABhAgAYAAAAMIEADAAAABhCgAQAAAAMI0AAAAIAB
BGgAAADAAAI0AAAAYAABGgAAADCAAA0AAAAYQIAGAAAADCBAAwAAAAYQoAEAAAADCNAAAACAAQRo
AAAAwAACNAAAAGCA1QO0vX1BCfn5+VauBAAAALaqMCsWZkdrsnoFHh4ekqTU1FQrVwIAAABbVZgV
C7OjNVk9QAcEBEiSYmJirFwJAAAAbFVhVizMjtZk9QAdEhIiSYpJgddDAAAgAElEQVSOjlZycrKV
qwEAAICtSU5OVnR0tKT/ZUdrsnqA9vf3V8uWLSVJ69evJ0QDAACgSHJystavXy9Jatmypfz9/a1c
kWRnNpvN1i5CklavXq34+HhJUmhoqIKDg2UymWxiojgAAABunvz8fKWmpiomJqZo5Llhw4YaOHCg
lSsrYDMBWpKioqJ09OhRa5cBAAAAG9KyZUv17NnT2mUUsakALUkXL17UiRMnlJCQoIyMDJa3AwAA
uM3Y29vLw8NDAQEBCgkJsYlpG9ezuQANAAAA2DImGAMAAAAGEKABAAAAAwjQAAAAgAEEaAAAAMAA
AjQAAABgAAEaAAAAMIAADQAAABhAgAYAAAAMIEADAAAABhCgAQAAAAMI0AAAAIABBGgAAADAAAI0
AAAAYAABGgAAADCAAA0AAAAYQIAGAAAADCBAAwAAAAYQoAEAAAADCNAAAACAAQRoAAAAwAACtA2L
jIzUm2++qbi4OIv3nZ6ergkTJmjVqlUW7xsAAOBWRoC+zvz58zVhwgTl5+dXqv3WrVs1YcIExcbG
1kg9Fy5cUHJysq5evVoj/QMAAMA4R2sXgLL9/ve/V3Z2ttzc3KxdSpk++OAD5eTk6NVXX7V2KQAA
ADcFI9A2zMHBwabDMwAAwO2IAA0AAAAYwBSOm+D8+fPaunWrjh49qsTERNWrV0/NmzdX9+7dFRgY
WOZ5K1as0I8//qjZs2fL1dW1xPFr167p4MGD2rlzp86ePavMzEwFBATozjvvVLdu3eTu7q6PP/5Y
kvTss8+WW+OxY8e0bds2nTx5UpcuXVKDBg3Uvn179e7dW56ensXaZmZm6sUXXyz22oQJE4r+u3//
/ho1alSF3xcAAIDayOYC9MWLF3XixAklJCQoIyOj0g/0lWX8+PEWqqxqoqKi9NVXX8nPz08dO3ZU
t27dlJGRob1792rt2rV65JFH1LdvX8P9pqena/Hixdq3b5+aNGmizp07y83NTampqVq5cqU2btyo
p59+usJ+zGazli1bprVr1+quu+5S7969JUmnTp3Sv//9b23btk3PPfec/Pz8is6pU6eOxowZI0la
t26drl27pnvvvbfo+PVtK7Jw4cJKtwUAALcHe3t7eXh4KCAgQCEhIfL397d2ScXYVICOiorS0aNH
rV2GxURHR+vLL7/U/fffr8GDB8vR8X/f7iFDhmjdunVasmSJvLy81KFDh0r3e+3aNX355Zc6duyY
nnrqKXXp0kV2dnZFx4cOHaoffvhBf//73+Xk5CQvL68y+9q4caPc3d01bdo01a9fv9ix3r17a/bs
2YqMjNRzzz1XdI06deoUhf5du3YpJyenSr8EAAAAlCY/P1/p6elKT0/X0aNH1bJlS/Xs2dPaZRWx
mQC9evVqxcfHS5JCQ0MVHBwsk8kke/ubP01706ZNxQJpWWJiYso8du3aNUVGRqp37966//77S/Tn
4OCggQMHKj09XUuXLlXbtm2LBezy7Nq1S9HR0Ro3bpy6du1a4rizs7NGjBihy5cva8uWLWrfvn2Z
faWkpOjZZ58tEZ4lqXXr1rr77ru1bt06XbhwQQ0aNKhUfUZY+xMCAABge/Lz85WamqqYmBhFR0fr
6NGjysjI0MCBA61dmiQbCdBRUVGKj4+Xp6enwsLC5Ovra9V6vvrqq2r3cfz4cSUlJalv377lhvE+
ffpozZo1On78uFq3bl2pvqOiouTv76+77rqrzDZ2dnYaOHCgtmzZUm5foaGhuuOOO8o83qZNmxoN
0AAAADeyt7eXr6+vfH19FRwcrPXr1ys+Pl5RUVE2MRJt9QB98eLFomkbthCeJemTTz6p1Mj31q1b
y5zDe/78eUkFD+edPn26zD4K53ifP3++UgH62rVrOnLkiAYMGCAHB4dy2wYGBsrb27vcNo0aNSr3
eOH5WVlZFdYGAABgab6+vgoLC9OKFSt09OhRm5gTbfUAfeLECUkFI6G2EJ4t5cqVK5Kkb7/9tlLt
MzIyKtWucFfCG1fGKIuPj0+5x11cXMo9XhjSq/swJwAAQFX5+voqNDRU0dHROnHiBAE6ISFBkhQc
HGzlSizLw8NDkvTee+9VOApshKurqxwcHJSenl6p9ikpKUW1AAAA1FbBwcGKjo4uyo7WZPWNVApH
Xk0mk5UrsazC9Z3Lm75RFQ4ODmrZsqWio6N17dq1ctvGxcUpLS3NotcHAACwhsKsWNlP7WuS1QN0
4dQAa6y2UZNCQkIUEBCglStXKjs7u8x2FYXg0vTs2VOJiYnatm1bmW3MZrPWrFljuG+jnJ2dlZmZ
WePXAQAAt7fCrGgL00pvrdRqQ+zt7TVmzBjFxMRo4cKFpY4Ep6Wl6fPPP9fWrVsN9d2pUye1b99e
S5cu1Y4dO2Q2m4sdz87O1rJlyxQTE1PhHOjqatCggc6fP1/s45S8vLwavSYAAIA1WX0O9K2sefPm
evbZZ7Vo0SJNmzZNXbt2VUBAgMxmsxISErRr1y65uLgoPDzcUL8ODg567LHHtGTJEs2fP1/r1q1T
27Zti3Yi3LFjh5ycnPTb3/5W//jHPyq1pnVV9ejRQ2vXrtWHH36oPn36yMHBQbt379ajjz5a7vJ4
AAAAtRUBuoa1b99eU6ZM0a5du3Tw4EEdPHhQ+fn5atiwoYYPH6677rpLbm5uhvv19PTU008/rejo
aO3atUu7du3SlStXFBgYqIEDB6p79+5yd3dXdnZ2lfqvrICAAL3yyitas2aNNm/eLDc3N7Vt21Z1
69atsWsCAABYk535xs//b7LCdZTZkc7ysrOz9eKLL+q+++7TfffdZ+1yAAAAqsVWciNzoGupyvze
c+TIEeXl5alZs2Y3oSIAAIDbAwG6FsrOztbs2bO1devWMlf4OHv2rL7++ms1b95cLVq0uMkVAgAA
3LqYA10L5efnq0GDBlq4cKG+/fZbtW3bVoGBgXJyctLVq1cVGxurvXv3KigoSI8//vgtt0QgAACA
NRGgayFXV1eNGjVKYWFh2rdvn06ePKlff/1Vly5dkqenp4KCgvTYY4+pc+fOFW7VDQAAAGMI0LVY
gwYN1KBBA2uXAQAAcFvhs30AAADAAAI0AAAAYAABGgAAADCAAA0AAAAYQIAGAAAADCBAAwAAAAYQ
oAEAAAADCNAAAACAAQRoAAAAwAACNAAAAGAAARoAAAAwgAANAAAAGECABgAAAAwgQAMAAAAGEKAB
AAAAAwjQAAAAgAEEaAAAAMAAAjQAAABgAAEaAAAAMIAADQAAABhAgAYAAAAMIEADAAAABhCgAQAA
AAMI0AAAAIABBGgAAADAAAI0AAAAYAABGgAAADCAAA0AAAAY4GjtAqztjTfeUGRkZKnHOnbsqH/9
618lXu/cubNSU1OrfM2ZM2dqxIgRpR67dOmSfvnlF23YsEEnT57U6dOn5ePjozvuuEPdunVTr169
dOedd1b52gAAwDZkZmbqyJEjOnHihM6cOaOkpCRdvXpVPj4+MplMatq0qUJCQtSsWTPVqVOnzH4O
HTqkOXPmqHnz5nrxxRfl4OBQ7dqOHDmiDz74QA0bNtTUqVOr3d+t5rYP0A4ODnJ1dS32Wn5+vrKz
sys819nZWfb2lR/Ez8rKkiS5uLiUenz16tV69913FRcXV+z1S5cu6dSpU9q0aZPef/99DRs2TK+9
9poaNGhQ6WsDAADbkJmZqZ9//lnr1q1TZmZmiePx8fGKj49XdHS0JCkgIECDBw9W165dy80dx48f
17Zt29SzZ89q1Zebm6tly5ZVq49b3W0foKdPn67p06cXe+2HH37Q888/X+G5S5YsUadOnSp1nZ9+
+knPPvusfHx81Lt37xLHly1bppdfflmSNHz4cD3yyCNq1aqV6tatq6tXryopKUk7duzQ559/rhUr
VujIkSP67LPP1KhRo0pdHwAAWN/Jkye1cOFCJSYmSpK6dOmizp07q1GjRvL29paDg4Oys7OVnp6u
U6dOafv27YqOjtbnn3+uAwcOaPTo0XJzcyuz/++++07t2rWTp6dnlWuMiorS6dOnq3z+7eC2D9A3
Q35+vhYsWCBJevLJJ1W3bt1ix2NiYorC87vvvqtRo0bJzs6u6Lirq6uCgoIUFBSkwYMHa8aMGVqy
ZIleeeUVLVq0SE5OTjfvZgAAQJUcPHhQH3/8sfLy8nTHHXdozJgxCg4OLtHOxcVFLi4u8vf3V7du
3XTkyBEtXrxYJ0+eVFpaWrkBOj09XStXrtTDDz9cpRrT0tK0YsWKKp17O+Ehwptgy5Yt2r17t5yd
nUud+/ztt99Kkh544AGNHj26WHi+kaurq9588021b99e27dvLzoXAADYrvj4eM2bN095eXnq1q2b
XnrppVLD843s7OzUunVrTZ48WZMmTVJgYGCZbV1dXeXk5KS1a9cqNja2SnX+9NNPysjIkJ+fX5XO
v10QoG+CL7/8UpI0duxY1a9fv8Txbdu2SZLuu+++SvXn5OSkRx55RJK0aNEi5eXlWahSAABgafn5
+frqq6+Uk5Oj4ODgCqdhlMbb27vCZ5+8vLw0fPhwSQVTOfLz8w1dIyYmRhs2bJC3t7eGDh1q6Nzb
DQG6CtauXatdu3apXbt2FbY9cOCA1q5dK0lFofdGx44dkyT5+PhUuobCIH7s2LGihwwAAIDtOXDg
gE6cOCEHBweNGzeuxOIFltS3b18FBQXpyJEj2r59e6XPy8/P13fffSdJevDBB0tMN0VxBOgqMJlM
MplM5S4pU2jJkiWSCqZnNGvWrNQ2TZo0kSSlpKRUuoZz584V/ffRo0crfR4AALi5tm7dKqkg3Nb0
ClpOTk566KGHJBWMQmdkZFTqvO3bt+vYsWNq1aqVunXrVpMl3hII0DXo9OnT+vrrryVJjz76aJnt
Clfy+M9//lOpfrOzs/XVV18VfX38+PFqVAkAAGpKdna29u3bJ0k3bR+H1q1bq3v37kpLS9Pq1asr
bJ+RkVE0+jxixAhDS/TervgO1aB//vOfkgp+4yzvTVP4pOx3332nyMhImc3mMttmZmZq2rRpiomJ
UXh4uCRVa1MXAABQc5KSkoqeVSrvAUBLGzZsmFxdXbVq1SqdPXu23LZr1qxRWlqaBg4cqMaNG9+k
Cms3AnQNSUpKKnp48PHHHy93ZY3Q0FC99tprkgp2RnzxxRcVFRWllJQU5eXlKSsrS2fPntWyZcv0
8MMP6+uvv9brr7+uHj16SCpYsgYAANiewk3UJMnd3f2mXdfX17fogcJly5aV+UBhXFycVq5cKW9v
b9177703rb7ajnWga8iyZcuUlZWldu3aqU+fPhW2f/rpp+Xj46M///nPWrFiRZlrMHp6emrOnDka
OnSovvjiC0myyJadAADg1tK7d29t2bJFhw4d0q5du9S1a9dix81ms5YvXy6p4MFBDw8Pa5RZKxGg
a8CVK1eKwu0TTzxRqYBrZ2enkSNHqn///vrll1/0yy+/6NSpU7pw4YIaNGigJk2aqG/fvgoLC5PJ
ZJL0v5FnnpQFAMA2Xb/ixpUrV27qv9l16tTRyJEj9f7772vZsmVq06ZNsVHwvXv3av/+/Tw4WAUE
6Brw448/6vz58woKCtLAgQMNnevn56cRI0aUuuHKjeLj4yVJQUFBVaoTAADULD8/Pzk4OCgvL0/n
zp276YNeLVq0UO/evbV582atWbNGDzzwgCTp6tWrPDhYDXy3LCwnJ6fYtt01tdaj2WzWr7/+Kqng
zQEAAGyPs7OzOnToIElFq3HcbPfff7/c3Nz0008/KS4uTpK0fv16XbhwgQcHq4gAbWHr16/X8ePH
5eXlVaO7+OzZs0fnzp2To6OjOnbsWGPXAQAA1dO9e3dJ0saNG3XhwoWbfn2TyVQ08vzdd9/pwoUL
+vHHH3lwsBoI0BaUn5+vzz//XFLByhuFc5UtzWw2a9GiRZIKPnapV69ejVwHAABUX7t27RQSEqK8
vDx98cUXunr16k2voVevXgoODlZ0dLQ++ugj5ebm8uBgNRCgLWjbtm3asWOHHB0dNXLkyBq7zr/+
9S+tWLFCjo6Oeuqpp2rsOgAAoPrs7e01evRoOTk5KSYmRl999VWx5e0qIyUlpdguxEY5OjoW7VCY
mJjIg4PVRIC2oMJR4VGjRqlhw4YW7z8vL0+LFy/WK6+8IkmaNm2aQkJCLH4dAABgWQ0bNtSECRPk
4OCgbdu26f3331dsbGyF55nNZh0+fFgzZ87U7Nmzi+YwV0VISIj69esnSXrooYd4cLAaWIXDQg4e
PKhVq1ZJKgjQRl26dEmvvfaahg8frtDQUPn7+8vJyUmZmZlKSkrSnj17tGTJEu3cuVOSNHnyZI0e
Pdqi9wAAAGpOaGio/vCHP2jhwoU6e/as/vSnP6lbt27q3LmzgoKC5OXlJQcHB+Xk5OjSpUuKjY3V
tm3bFB0dLUnq0aOH/Pz8qlXDQw89pPDwcKZ/VhMB2kK++uorSdKQIUPUqlUrw+evWLFCq1atKgrh
UsHHLdeuXSvWrk2bNnrllVfUt2/f6hUMAABuupCQEL3++uv6+eeftW7dOm3fvl3bt28v95yGDRtq
8ODB6ty5c7VHjZ2dnQnPFkCAtoAzZ84oMjJSkvTYY49VqY9Ro0apUaNGioqKUnR0tE6dOqXU1FT5
+fkpODhY7du3V8+ePdW9e3c5OvLXBgBAbeXu7q6hQ4cqLCxMR48e1fHjx3XmzBklJyfr6tWr8vX1
lclkUnBwsEJCQtSsWTP+7bcxdmaz2WzNAhYuXChJGj9+vDXLAAAAgI2zldzI7HEAAADAAAI0AAAA
YAABGgAAADCAAA0AAAAYQIAGAAAADCBAAwAAAAYQoAEAAAADCNAAAACAAQRoAAAAwAACNAAAAGAA
ARoAAAAwgAANAAAAGECABgAAAAwgQAMAAAAGEKABAAAAAwjQAAAAgAEEaAAAAMAAAjQAAABgAAEa
AAAAMIAADQAAABhAgAYAAAAMIEADAAAABhCgAQAAAAMI0AAAAIABBGgAAADAAAI0AAAAYAABGgAA
ADCAAA0AAAAYQIAGAAAADCBAAwAAAAYQoAEAAAADCNAAAACAAQRoAAAAwAACNAAAAGCA1QO0vX1B
Cfn5+VauBAAAALaqMCsWZkdrsnoFHh4ekqTU1FQrVwIAAABbVZgVC7OjNVk9QAcEBEiSYmJirFwJ
AAAAbFVhVizMjtZk9QAdEhIiSYqOjlZycrKVqwEAAICtSU5OVnR0tKT/ZUdrsnqA9vf3V8uWLSVJ
69evJ0QDAACgSHJystavXy9Jatmypfz9/a1ckWRnNpvN1i5CklavXq34+HhJUmhoqIKDg2UymWxi
ojgAAABunvz8fKWmpiomJqZo5Llhw4YaOHCglSsrYDMBWpKioqJ09OhRa5cBAAAAG9KyZUv17NnT
2mUUsakALUkXL17UiRMnlJCQoIyMDJa3AwAAuM3Y29vLw8NDAQEBCgkJsYlpG9ezuQANAAAA2DIm
GAMAAAAGEKABAAAAAwjQAAAAgAEEaAAAAMAAAjQAAABgAAEaAAAAMIAADQAAABhAgAYAAAAMIEAD
AAAABhCgAQAAAAMI0AAAAIABBGgAAADAAAI0AAAAYAABGgAAADCAAA0AAAAYQIAGAAAADCBAAwAA
AAYQoAEAAAADCNAAAACAAQRoAAAAwAACNAAAAGAAARoAAAAwgAANAAAAGECABgAAAAwgQAMAAAAG
EKABAAAAAwjQAAAAgAEEaAAAAMAAAjQAAABgAAEaAAAAMIAADQAAABhAgAYAAAAMIEADAAAABhCg
AQAAAAMI0AAAAIABBGgAAADAAAI0AAAAYAABGgAAADCAAA0AAAAYQIAGAAAADCBA27iIiAjZ2dnp
0KFD1i4FAAAAkhytXUB5YmNj9dNPP2nz5s3au3ev4uPjZTKZ1KhRI3Xp0kX9+vXT3XffLXd3d2uX
CgAAgNuETY5AX7hwQZMmTVLTpk31u9/9Tt98841MJpMGDRqk9u3bKzU1VbNmzdLw4cPVoUMHLVq0
SGaz2dplAwAA4DZgcyPQO3fuVEREhE6dOqUePXpo8uTJGjBggLy8vIq1O3v2rFasWKE//vGPGjdu
nPbs2aNZs2bJzs7OSpUDAADgdmBTI9DR0dEaMmSITp06pddff13r1q3Tgw8+WCI8S1JQUJCeffZZ
7d69W4MGDVLPnj0JzwAAAKhxNjMCfeXKFY0fP16JiYn685//rFdffbVS5zVo0EDff/+9HB1t5lYA
AABwC7OZEehFixZp586dGjFihF566SVD51YmPOfl5WnDhg165pln1KNHD/n5+alHjx763e9+pw0b
NigvL6/Mcw8cOCA7O7uiujIyMrRkyRJFRESobdu28vHxUdeuXfXaa6/p4MGDlao5Pz9fmzdv1qRJ
k9SnTx/5+fmpY8eOevrpp7Vq1Srl5+dX7uYtfG/Jycn67LPPNHToUDVv3lwnT56sdB0AAAC3A5sI
0Hl5eZozZ44kadq0aRYfTU5MTFRERITCwsK0YMECubm5KTw8XG5ubpo/f77CwsI0duxYJScnV9jX
oUOHNGDAAI0dO1YHDx5U27Zt1a9fPyUkJOi9995TaGio/v73v5fbR1JSksaMGaM+ffroww8/VEpK
ivr166d69erpu+++06BBg/TYY48pNTX1pt7bgQMH1KdPH02YMEHnz59Xly5d5OrqWuF5AAAAtxWz
Ddi3b59ZkrlXr14W7zs9Pd3ctWtXsyTzjBkzzElJScWOJyYmmt99912zJHPv3r3NV65cKdHH/v37
zZLMI0eONLdu3do8cOBA8+7du835+flFbXJycsyRkZFmLy8vsyTzunXrSq3n8uXL5rvuusssyTx8
+HDz7t27Sxz/8ssvzSaTyRwREWEeOnSoWZL54MGDNXpvjz/+uLlDhw7m4cOHmw8fPlz2NxQAAOA2
ZxMB+uuvvzZLMr/xxhsW7/vll182SzJHRkaW227x4sVmSeapU6eWOFYYMiWZw8LCzBkZGWX2s3Tp
UrMk8913311uPY8//rg5Ozu7zH727dtn9vT0LLpuaQHa0vcWHh5uzszMLLcvAACA251NBOhPPvnE
LMk8d+5ci/abkJBgrlOnjjkiIqJS7R9++GGzl5eXOS0trdjr14fMLVu2lNtHbm6uuVmzZmZJ5vPn
z5daT0BAgDk5ObnCeubNm1dmgLbGvQEAAMBstok50NXl5+enO+64o8Tra9asUW5uriIiIirVT0RE
hC5duqRffvml1OONGjVSt27dyu3D0dFRffr0kSTFx8eXWs+TTz4pHx+fCut5+OGH5ebmVuoxS99b
w4YN1bVr10r1BQAAcDuzibXfCsNkQkJClc5PTk4uNWjGxsZKkubPn6/ly5dX2E9iYqIkKS4urtTj
HTp0kL19xb9z+Pn5SSpYraO0ejp37lxhH1LB96VTp07avHlziWM1cW8ODg6VqgsAAOB2ZhMBulWr
VpKkDRs2WLTfpKQkSdLKlSurdN6NPDw8KnV+Yci+cSm6wn5NJlOlawkMDCz1dUvfW2mb1QAAAKAk
mwjQbdu2VYsWLfTrr79q//79at++vUX69ff3lyStXr1a4eHhFumzOurVqydJlVqertC5c+dKfd3W
7g0AAOB2YRNzoB0cHDRp0iRJ0ttvv61r165ZpN9mzZpJkvbs2WOR/qqradOmkqRdu3ZVqn1KSop2
795d6jFbuzcAAIDbhU0EaEkaN26c+vTpo2XLlun999+3SJ8DBw6Up6enPvvsM126dMkifVbHPffc
IxcXFy1YsEApKSkVtv/mm2+UmZlZ6jFbuzcAAIDbhc0EaHd3d33xxRcKCAjQa6+9pilTpujq1asV
nnflypUyj/n4+OiVV17RyZMnNXnyZOXm5pbZNj8/X0uXLi132+vqql+/vp5//nklJCTopZdeUk5O
Tplt9+/fr1dffbXM47Z2bwAAALcLmwnQkhQcHKwff/xRHTp00B//+EeFh4drxYoVunz5com2ycnJ
ioyMVI8ePSQVrCJRmsmTJ2vo0KH6+9//rhEjRmjHjh0ym81Fx81ms6KjozV27FiNGjVKkZGRNXNz
//Xmm2+qV69e+uKLLxQREaG9e/cWO56RkaFFixapf//+6tKli8aNG1dmX7Z2bwAAALcDm3iI8Hod
O3bUhg0bNHXqVH300UfavHmzXFxc1K1bNwUGBionJ0dnzpzRzp07JUm+vr6aMWNG0RzqGzk7Oysy
MlJvv/22/vrXv+qHH35Qs2bN1L59ezk4OOjQoUM6dOiQJOnll1/Www8/XKP35+HhoRUrVuj555/X
kiVLtHz5crVp00atWrVSRkaGdu3apeTkZA0bNkyffvqp/vSnP5XZl63dGwAAwO3A5gK0JHl7e+vD
Dz/UpEmTtHLlSm3atEl79+7Vnj17ZDKZFBQUpEmTJqlHjx6699575e3tXW5/7u7u+stf/qLHH39c
3377raKiorRnzx5lZ2erefPmeuutt/Tggw9abPWPivj4+GjRokV65pln9M0332jXrl3auHGjAgMD
df/992vEiBEaMmSIHB0r/uuxtXsDAAC41dmZr//MHwAAAEC5bGoONAAAAGDrCNAAAACAAQRoAAAA
wAACNAAAAGAAARoAAAAwgAANAAAAGECABgAAAAwgQAMAAAAGEKABAAAAAwjQAAAAgAEEaAAAAMAA
AjQAAABgAAEaAAAAMIAADQAAABhAgAYAAAAMIEADAAAABhCgAQAAAAMI0AAAAIABBGgAAADAAAI0
AAAAYAABGgAAADCAAA0AAAAYQIAGAAAADCBAAwAAAAYQoAEAAAADCNAAAACAAQRoAAAAwAACNAAA
AGAAARoAAAAwgAANAAAAGECABgAAAAwgQAMAAAAGEKABAAAAAwjQAAAAgAEEaAAAAMAAR2sXcLPs
zb6iFVdStDEzXZKUln9N+7KvSJI6OLvL277gWzHcw0d9XYYecS0AACAASURBVOvqTmd3q9UK3Azn
zp3TwYMHFRMTI0nKysrSuXPnJEmBgYFydXWVJLVt21bBwcEKDAy0Wq0AANgSO7PZbLZ2ETUlNjdb
76Sc1casS4rNzTZ0bpM6zurn6qU3fYLUpI5zDVUI3Fypqalas2aNTp48qdTUVEPnmkwmNWvWTOHh
4TKZTDVUIQAAtu+WDNBp+df0YVqCpieftUh/U32D9Lx3QNEoNVDbZGVlafPmzVqzZo1F+gsPD1fv
3r2LRqkBALid3HIB+sv0i3opMVZp+dcs2q+3vaPer9dE4+r6W7RfoKbt3LlT33//vbKysizar6ur
q4YOHaouXbpYtF8AAGzdLRWgp6ecLXPU2cveQf1cvTTcw0dN6jirsaNL0dSM2Nxsnb52VbG52Vqe
kaKNWZd0KT+v1H6m+gZpqk9Qjd0DYElr1qwpc9TZxcVFzZo1U9u2bWUymeTj41M0NSM1NVUpKSlK
TU3VwYMHdfLkSV29erXUfsLDwxUeHl5j9wAAgK25JQJ0Wv41vZQYqy/TL5Y41riOs6b6BBkeOf4y
/aKmp5zV6VLmTo+r66/36zVhSgdsVlZWlr7//nvt3LmzxDGTyaTw8HDDI8c7d+7UmjVrSp073aVL
Fw0dOpQpHQCA28ItEaCfvHCiRHj2snfQVN8gTfKu3soBbyef1Ydp50qMSI+r668F9UOq1TdQU77+
+usS4dnFxUXh4eHq06dPtfpes2aNNm3aVGJEukuXLoqIiKhW3wAA1Aa1PkC/nXxW76QUn7bhZe+g
dXeEWmwpur3ZV3R3XHSJEP2mT5Cm+TKdA7altGkbLi4umjhxosWWojt37pzmzZtXIkQznQMAcDuo
1QH6y/SLevLCiWKvtXd21893tLX49Iq0/GsaEHdQ+/+7dnShBfVDeLAQNmPnzp36+uuvi70WEBCg
iRMnWnx6RVZWlubNm6eEhIRir0dERPBgIQDgllZrdyIsnPd8PS97hxoJz1LBKhw/39FWXvYOxV6v
iRU/gKoonPd8vcKR55qYm+zq6qqJEyfKxcWl2Os1seIHAAC2pNYG6DmpCcWCa+G0jYrCc+Godecz
++R4PEqOx6PU+cw+PXnhhBaV8hDi9bztHbXujtBiITot/5rmpCaUc9at6cCBA7Kzs9Po0aOtXQr+
a/PmzcWCa02G50KlhejCNadhfbxPAaBm1MoAXbjD4PWm+gaVO+d5eUaKQmJ3FT1wuO+6qRj7sq/o
y/SLeuLCCYXE7tLyjJQy+7nT2V3P3/Bg4jspZw3vdFiawlUMjh8/Xq1+li5dKjs7O82ZM6faNaF2
KNxh8Hrh4eE3ZfvtwMDAEg8mlrVah1FDhw6VnZ2doT9Tp06t9nUBAChPrVyHbfoN4blxHedyV9v4
Q+IpfZhWuVHi2NxsPZRwRJO8A/V+vSaltpnmG6RFly8WW+JuespZfW6BVTmuXr2qt99+W4sXL67S
+enp6ZoyZUq160Dtsnr16mJfm0ymaq+2YUR4eLh27txZLDSvXr1av/nNbyzS/5AhQ+Tr61uptiEh
rI4DAKhZtTJA/5J1qdjX5W1sYiQ8X29O2jmZZdasek1LPT7VJ6jYA4w31lQdS5Ys0VNPPaX+/fsb
PnfevHk6efKkxWpB7RATE1Psa2ushBEeHl7sAcYba6qO6dOnq3PnzhbrDwCA6qh1Uzj2Zl8pNl3C
y96hzFUwlmekVCk8F/owLaHM6Rzj6voXmwsdm5utvTes0FEdr7/+unJycgydc/bsWb377rsWqwG1
w7lz54qN/Lq4uFhlFYwuXboUmwudmpqqc+fO3fQ6AACoabUuQN8YaPu5epXZ9g9Jp6p9vZfK6ePG
a2+00Cj0vffeqy1btigyMtLQeTNmzNDly5c1cuRIi9SB2uHgwYPFvm7WrJmVKil5bT4NAQDcimpd
gL4xpA738Cm13ZfpF0vdhtuo2NzsMkehb7x2eQ8fGvHmm2+qfv36mjJlSqUfxNqxY4fmzZunRx55
pFIBOisrS8uXL9cLL7ygbt26yd/fX4GBgRowYIBmzJihs2fPVthHZeTl5WnDhg165pln1KNHD/n5
+alHjx763e9+pw0bNigvL6/iTlCuG0Nq27ZtrVRJyWvfGO6tpTo/h4UrWbz00kuSCkbW58+fr2HD
hikkJESNGzfWoEGDNG/ePKWkFP9/QGpqqr744gs9+OCDatWqlfz9/dWnTx+98847lXqP8T4FANtU
6wL0jZrUcS719Y1Z6Ra7xvIrpQfjsq5dXfXr19c777yjuLi4Sq2kkZ+frzfffFN16tTRW2+9VWH7
n376Se3atdMDDzygv/3tb3J1ddWAAQPUsmVL7d27V2+88YY6duyon3/+uVr3kZiYqIiICIWFhWnB
ggVyc3NTeHi43NzcNH/+fIWFhWns2LFKTk6u1nVQnMlkui2vXRZL/hzu2bNHvXv31tNPP63z58+r
S5cuat26tTZu3KhnnnlGAwYM0NGjRyVJUVFR6t69u8aPH69jx46pffv26tGjhw4ePKipU6dW+B7j
fQoAtqvWPUR45lrxUeXGji6ltrPkfOR9ZfTldcOa0zdu9V0djz32mBYsWKD33ntPY8aMUfPmzcts
u3z5cq1atUpTp04t+se1PP/85z/l4+Oj9957T+Hh4apbt27RsaysLH3xxReaNGmSIiIitH///iot
hXb58mXdd9992rFjh2bMmKHf/va3xVZRSEpK0qeffqopU6YoLi5Oq1atkpubm+HrQCU+pfDxKf1T
mZvhxjWnb9zq+2az5M/hqVOn9PDDD6tdu3ZatmyZWrZsWXQsJSVF77zzjmbPnq0nn3xSc+fO1ZAh
Q9SmTRtt375dXbp0kZ2dnSQpMzNTH3/8sV555RVFRERo9+7datSoUYnr8T4FANtV60agb1xvuaxR
4Bu33K6OsgL0jetOl9WuKpydnTVjxoyiZe3KcuXKFU2ZMkWNGjXSCy+8UKm+Z86cqQ0bNuihhx4q
9o+yVBCAnnnmGb333ntKTk7WN998U6X6p0+frh07digyMlL/93//V2IJMj8/P73xxhtavHixNm/e
rPfee69K10HJAG3NUeAbQ5y1HyK05M/hd999p+bNmysyMrJYeJYKfmmZOXOmHnzwQf3666/q27ev
AgMDtWLFCnXt2rUoPEuSm5ubJk+erFdffVXJyclauHBhqdfjfQoAtqvWBejbyYABAzRmzBgtWbJE
GzZsKLXN/PnzdejQIb377ruVDk5+fn4VjiLdd999kgo+hjbq/PnzmjNnjiIiIvTII4+U23bMmDF6
+OGHNWfOHF26ZLmlAIGa+DmcPn16ia3LCzk4OOiZZ56RVDCyO3XqVPn5+ZXZ1xNPPCFJ+vHHH0s9
zvsUAGxXrQvQjW8YcS5rB8D25exKaFRZfd04TcSS1yz01ltvycXFpdRl7c6dO6e3335bffr0qfAf
QKMK/+GPj483fO6aNWuUm5uriIiISrWPiIjQpUuX9Msvvxi+FkqOOFtiB8CqunHEOSAgwCL9Fk6B
qOjPv//976JzLP1z2KRJkwqXB7z+IcqwsLBy2zZv3lwmk0k7duyo8kN6vE8BwDpq3Rzoxo7OxVbX
OH3taqnTOO50drfYNI6ytgi/lH+t2Nfe160LbSkhISGaMmWKpkyZosjISI0bN67o2F//+lelpqZq
xowZqlOnjqF+s7Ky9PPPP2vXrl1KSEhQZmamzGZz0fHCsF6VOayxsbGSCkbHly9fXmH7xMRESVJc
XJzha6EgQF8fmlNSUqw2jSMrK6vY1zfOia6qyu5EWK9evaL/tvTPYbt27YpNxSiNp6enJMnLy0v1
69cvt62dnZ0CAgKUmpqqzMzMonOvx/sUAGxTrQvQN4rNzVa/Uv6N7udaV4vSL1rkGsPdS38oq6zR
b0t77rnntHDhQk2ZMkXDhg2TyWTSvn37NHv2bD3xxBPq3bu3of6OHDmiUaNGVfiwYVUlJSVJklau
XFml81A91hyBrqlrV2UnQkv/HHp4eFR4bmHAruyDnA4OBb905+fnlzjG+xQAbFetm8JR2bWXx9X1
LzHdoyoa13Euc63pG69dVrvq8vLy0h//+MeiZe3MZrOmTp0qNzc3vfnmm4b6ys7O1tixY7V37169
8MILOnDggC5duiSz2Vzsz43r2Rrh71+wM+Tq1atL9FveH6P3ggK2tPbyjde25prUtfnnkPcpANi2
Whegb9z975dy1nue5de02tcrr48br13erojVNXLkSIWHh2vGjBmaOXOmVqxYoWnTpqlJkyaG+tmx
Y4d27dqliIgIzZo1S6GhoSWe8K+uwt3o9uzZY9F+Ubobd/+LiYmxUiUlr20LuyLWxp9D3qcAYNtq
XYC+09n9/9u78zC56zrB45/qTuyEEHJgwASScC9jEA/U0RXGmdUw46gwMIK4q46r8yzOI6LjI6gz
CER0cHXX2R111uORVXxmo4gyMMwhUXcd0fEIXghehCuQcOUQCElId9f+Eaqprq7rU13dv6ru1+ux
7apfV/3qW308edeXb/1+42aWd44Ox+caLNU4/cClcf7izt/EdP7i5U3PdLizag306rlDDddKd8Pg
4GB84AMfiH379sWFF14YxxxzTLz5zW9O72fr1q0REfHCF76w6XrO++67r+OxnnrqqbFw4cL41Kc+
5R3702DFihXj1jzv3r07Nm7cOO3j2Lhx47g10EuWLOno2MTd0s+/h/5OAXpb3wV0xMSZ3su2Nz6d
7UeWHdlRRJ+/eHl8ZFnj2efax2y0Trqbnve858V5550XERGXX355RzNSlXft33zzzQ1vs3fv3rjk
kks6G2TsX/954YUXxqZNm+KCCy6Iffv2Nbzt6OhofOELX3Cq4Ek66qijxl3fsGHDtI+h9jGLXL4R
0d+/h/5OAXpbXwb0xUtXjrt+5769sW5b84j+8vLj21oTvXruUHx5+fFN43ndts0T3kB4/uLpmWm7
6KKL4sorr4wzzjijo/s///nPj2OOOSauuOKK+PjHPx6PPfbYuK//7Gc/i9e+9rVjM2CduuCCC+KV
r3xlfPrTn44zzzwzfvCDH4w7ekC5XB57rNe85jWxfv36ST3ebHfqqaeOu75jx45pjegNGzZMeAPh
KaecMm2P30i//h76OwXobX15FI4j5g7Fe5euHDcL/NGdW+P0A5c2XEZx+oFL4/QDl8a1j26Pa3dt
jx/v3TV2mLsThxbEs4YWxOkLlrZ8I+CP9+6Kj+4c/4/We5eubHhGxG479NBD43Wve13H91+wYEF8
/vOfj9NOOy3OO++8uOyyy+JZz3pWLFy4MH7961/HT37yk3juc58b69evb3r68FaGhoZi/fr1sW7d
uvjwhz8c119/fRx99NFx4oknxuDgYNx6661x6623RkTEO9/5zjjrrLM6fiz2L5dYu3btuGi+8cYb
Y82aNVO+jGLLli1x4403jtu2du3aQs+IWNGvv4f+TgF6W18GdETE25Ysj7/ZuSV+M7r/PynuHB2O
l95zS9x25HNi8UDjp1UJ6U5UHqN67fOigcF425LunCxiurzgBS+IH/7wh/HZz342vvrVr8b3v//9
WLRoUZxwwglx3nnnxTnnnNOV4/cuWLAgPvShD8Ub3vCGuPrqq+M73/lO/OhHP4q9e/fGscceG5de
emmcccYZceKJJ3bhWXHyySfHt771rbFjAu/evTs++clPxrvf/e6uHY+5VuUxqtc+z5s3L31oxanU
r7+H/k4BelepXP3f6/rM5x5+IN50/23jtj1zaEF8/fA1TSO6EztHh+Ml99wSP6k5OctnDj0m/uSg
Q7r6WNCpjRs3xlVXXTVu24oVK+Lcc8/tekRX4rn27INnn312yzP2AUA/6+uAjti/Hrn2DX2LB+bE
1w5f07WjYvx4764JM88R+5duXHLwygb3gmJs2LBhwvrn+fPnx7nnntu15RxbtmyZMPMcsX/pxtq1
a7vyGADQq/o+oCMi3nj/bRPOOrh4YE6cv2T5hDccZr1v++b4mx1bJ8Tz6w86JK449JhJ7Rumyhe/
+MW46aabxm2bP39+nHzyyZMO3A0bNsSNN944IZ5POumkePWrXz2pfQNAP5gRAb1zdDje8eCddU/d
fcTcobh46cp4fXKZxZUPPxDv2z7xaBsR++P5I8uO6PoyEeiW3bt3x3XXXTchoiP2v+Hw1FNPTZ8a
+6abboobbrih7um6TzrppDjttNOmbK01APSSGRHQFfWWc1QsHpgTLz7goDh9wdI4Yu68OGhgcGyJ
x4/37oqHR0fizn174tpd2+Objz08Yca5wrIN+km95RwV8+fPj6OOOipOOOGEWLJkScybN29siceW
LVtiz549sWPHjvjZz34Wt99++4QZ5wrLNgCYbWZUQEfsf2PhOx68Y+zoHN2yaGAwPrLsSG8YpO9s
3LgxrrvuurGjc3TLvHnz4rTTTvOGQQBmnRkX0BH7l3T8zx1bm56hMOO9S1fG25Yst2SDvrV79+64
8cYbu3ZylbVr18bJJ59syQYAs9KMDOiKO/ftjfdt3xzf3P2buKvOWuZmVs8ditMXLI3zF6+YtpOk
wFTbsWNH3HDDDXH77bfXXcvczJIlS2LNmjVxyimn9MRJUgCgKDM6oKv9eO+u+Obu38S1j26PiIid
oyPjzkS4eGAwIvafaOXF8xd17RB40Ku2bNkSmzZtiltuuSUi9s9SV04NvXz58rHZ5TVr1sTRRx89
5Wc0BIB+MWsCGgAAumGg6AEAAEA/EdAAAJAgoAEAIEFAAwBAgoAGAIAEAQ0AAAkCGgAAEgQ0AAAk
CGgAAEgQ0AAAkCCgAQAgQUADAECCgAYAgAQBDQAACQIaAAASBDQAACQIaAAASBDQAACQIKABACBB
QAMAQIKABgCABAENAAAJAhoAABIENAAAJAhoAABIENAAAJAgoAEAIEFAAwBAgoAGAIAEAQ0AAAkC
GgAAEgQ0AAAkCGgAAEgQ0AAAkCCgAQAgQUADAECCgAYAgAQBDQAACQIaAAASBDQAACQIaAAASBDQ
AACQIKABACBBQAMAQIKABgCABAENAAAJAhoAABIENAAAJAhoAABIENAAAJAgoAEAIEFAAwBAgoAG
AIAEAQ0AAAkCGgAAEgQ0AAAkCGgAAEgQ0AAAkCCgAQAgQUADAECCgAYAgAQBDQAACQIaAAASBDQA
ACQIaAAASBDQAACQIKABACBBQAMAQIKABgCABAENAAAJAhoAABIENAAAJAhoAABIENAAAJAgoAEA
IEFAAwBAgoAGAIAEAQ0AAAkCGgAAEgQ0AAAkCGgAAEgQ0AAAkCCgAQAgQUADAECCgAYAgAQBDQAA
CQIaAAASBDQAACQIaAAASBDQAACQIKABACBBQAMAQIKABgCABAENAAAJAhoAABIENAAAJAhoAABI
ENAAAJAgoAEAIEFAAwBAgoAGAIAEAQ0AAAkCGgAAEgQ0AAAkCGgAAEgQ0AAAkCCgAQAgQUADAECC
gAYAgAQBDQAACQIaAAASBDQAACQIaAAASBDQAACQIKABACBBQAMAQIKABgCABAENAAAJAhoAABIE
NAAAJAhoAABIENAAAJAgoAEAIEFAAwBAgoAGAIAEAQ0AAAkCGgAAEgQ0AAAkCGgAAEgQ0AAAkCCg
AQAgQUADAECCgAYAgAQBDQAACQIaAAASBDQAACQIaAAASBDQAACQIKABACBBQAMAQIKABgCABAEN
AAAJAhoAABIENAAAJAhoAABIENAAAJAgoAEAIEFAAwBAgoAGAIAEAQ0AAAkCGgAAEgQ0AAAkCGgA
AEgQ0AAAkCCgAQAgQUADAECCgAYAgAQBDQAACQIaAAASBDQAACQIaAAASBDQAACQIKABACBBQAMA
QIKABgCABAENAAAJAhoAABIENAAAJAhoAABIENAAAJAgoAEAIEFAAwBAgoAGAIAEAQ0AAAkCGgAA
EgQ0AAAkCGgAAEgQ0AAAkCCgAQAgQUADAECCgAYAgAQBDQAACQIaAAASBDQAACQIaAAASBDQAACQ
IKABACBBQAMAQIKABgCABAENAAAJAhoAABIENAAAJAhoAABIENAAAJAgoAEAIEFAAwBAgoAGAIAE
AQ0AAAkCGgAAEgQ0AAAkCGgAAEgQ0AAAkCCgAQAgQUADAECCgAYAgAQBDQAACQIaAAASBDQAACQI
aAAASBDQAACQIKABACBBQAMAQIKABgCABAENAAAJAhoAABIENAAAJAhoAABIENAAAJAgoAEAIEFA
AwBAgoAGAIAEAQ0AAAkCGgAAEgQ0AAAkCGgAAEgQ0AAAkCCgAQAgQUADAECCgAYAgAQBDQAACQIa
AAASBDQAACQIaAAASBDQAACQIKABACBBQAMAQIKABgCABAENAAAJAhoAABIENAAAJAhoAABIENAA
AJAgoAEAIEFAAwBAgoAGAIAEAQ0AAAkCGgAAEgQ0AAAkCGgAAEgQ0AAAkCCgAQAgQUADAECCgAYA
gAQBDQAACQIaAAASBDQAACQIaAAASBDQAACQIKABACBBQAMAQIKABgCABAENAAAJAhoAABIENAAA
JAhoAABIENAAAJAgoAEAIEFAAwBAgoAGAIAEAQ0AAAkCGgAAEgQ0AAAkCGgAAEgQ0AAAkCCgAQAg
QUADAECCgAYAgAQBDQAACQIaAAASBDQAACQIaAAASBDQAACQIKABACBBQAMAQIKABgCABAENAAAJ
AhoAABIENAAAJAhoAABIENAAAJAgoAEAIEFAAwBAgoAGAIAEAQ0AAAkCGgAAEgQ0AAAkCGgAAEgQ
0AAAkCCgAQAgQUADAECCgAYAgAQBDQAACQIaAAASBDQAACQIaAAASBDQAACQIKABACBBQAMAQIKA
BgCABAENAAAJAhoAABIENAAAJAhoAABIENAAAJAgoAEAIEFAAwBAgoAGAIAEAQ0AAAkCGgAAEgQ0
AAAkCGgAAEgQ0AAAkCCgAQAgQUADAECCgAYAgAQBDQAACQIaAAASBDQAACQIaAAASBDQAACQIKAB
ACBBQAMAQIKABgCABAENAAAJAhoAABIENAAAJAhoAABIENAAAJAgoAEAIEFAAwBAgoAGAIAEAQ0A
AAkCGgAAEgQ0AAAkCGgAAEgQ0AAAkCCgAQAgQUADAECCgAYAgAQBDQAACQIaAAASBDQAACQIaAAA
SBDQAACQIKABACBBQAMAQIKABgCABAENAAAJAhoAABIENAAAJAhoAABIENAAAJAgoAEAIEFAAwBA
goAGAIAEAQ0AAAkCGgAAEgQ0AAAkCGgAAEgQ0AAAkCCgAQAgQUADAECCgAYAgAQBDQAACQIaAAAS
BDQAACQIaAAASBDQAACQIKABACBBQAMAQIKABgCABAENAAAJAhoAABIENAAAJAhoAABIENAAAJAg
oAEAIEFAAwBAgoAGAIAEAQ0AAAkCGgAAEgQ0AAAkCGgAAEgQ0AAAkCCgAQAgQUADAECCgAYAgAQB
DQAACQIaAAASBDQAACQIaAAASBDQAACQIKABACBBQAMAQIKABgCABAENAAAJAhoAABIENAAAJAho
AABIENAAAJAgoAEAIEFAAwBAgoAGAIAEAQ0AAAkCGgAAEgQ0AAAkCGgAAEgQ0AAAkCCgAQAgQUAD
AECCgAYAgAQBDQAACQIaAAASBDQAACQIaAAASBDQAACQIKABACBBQAMAQIKABgCABAENAAAJAhoA
ABIENAAAJAhoAABIENAAAJAgoAEAIEFAAwBAgoAGAIAEAQ0AAAkCGgAAEgQ0AAAkCGgAAEgQ0AAA
kCCgAQAgQUADAECCgAYAgAQBDQAACQIaAAASBDQAACQIaAAASBDQAACQIKABACBBQAMAQIKABgCA
BAENAAAJAhoAABIENAAAJAhoAABIENAAAJAgoAEAIEFAAwBAgoAGAIAEAQ0AAAkCGgAAEgQ0AAAk
CGgAAEgQ0AAAkCCgAQAgQUADAECCgAYAgAQBDQAACQIaAAASBDQAACQIaAAASBDQAACQIKABACBB
QAMAQIKABgCABAENAAAJAhoAABIENAAAJAhoAABIENAAAJAgoAEAIEFAAwBAgoAGAIAEAQ0AAAkC
GgAAEgQ0AAAkCGgAAEgQ0AAAkCCgAQAgQUADAECCgAYAgAQBDQAACQIaAAASBDQAACQIaAAASBDQ
AACQIKABACBBQAMAQIKABgCABAENAAAJAhoAABIENAAAJAhoAABIENAAAJAgoAEAIEFAAwBAgoAG
AIAEAQ0AAAkCGgAAEgQ0AAAkCGgAAEgQ0AAAkCCgAQAgQUADAECCgAYAgAQBDQAACQIaAAASBDQA
ACQIaAAASBDQAACQIKABACBBQAMAQIKABgCABAENAAAJAhoAABIENAAAJAhoAABIENAAAJAgoAEA
IEFAAwBAgoAGAIAEAQ0AAAkCGgAAEgQ0AAAkCGgAAEgQ0AAAkCCgAQAgQUADAECCgAYAgAQBDQAA
CQIaAAASBDQAACQIaAAASBDQAACQIKABACBBQAMAQIKABgCABAENAAAJAhoAABIENAAAJAhoAABI
ENAAAJAwp+gBVCuXy0UPAQCAHlQqlYoewpieCOjacBbSAABEPBnOlT7shZAuPKAr34zqaBbQAADU
KpVKUS6XC4/owgK6NphrQ1pEAwDMbvWCubKtcrkIhQR0vViuF9EAAMxelXiuN+tc5Gx04TPQ1fEs
ogEAqOjFeI4oIKBrl26Mjo6Oi+ebd98d1++8KX6wa1NseXxHDMdotPutKTW51nxr/Vu1vG0pIspP
Xi6Va+/U/g+1sx9/43sVv7weAGg+HZifLMzdozzuYrmmW1rtrFznUn5cmb08ebs5MRArnrIknrfg
6HjF4pPiGfNXRalUGvsYGBgY9+bC6Q7pUnkap3qrZ5cr4Vz5HBFx+dZr4svbv1c1ujZDdsJtJhuW
3Qjo3A9SQAPAzFNsQFfdo7CAzu6p6jZVifrHS387DzHv8AAAEwJJREFU3rP8jIiIcQFdHdLTGdHT
GtC1s82VgI6IOO+uK+K7j/6qdniV/7VUSEDX3GV6A7r5PQQ0ABRvsuk5uVtX3aM2oFOPVUBAP/l/
Y15w4HHxsdVvjIgYC+faWenpMuWPVBvKtdvL5XJcvvWaOvFclGR6Vm5errcRAKBIVU1SnrgpvY8C
fffRX8XlW6+Z8L65iuqJ2qk2ZQHd7AlUL+W4ec/d45dt9LPe+P0CABhvhjTKl7d/L27ec3fLg05M
dUhPSUC3ejLVa5+v3/HDBnvp9Cfdnd+Qye3FEUQAgF7QeZN0r7m723TX7/hh3QNR1DNVEd3VgG5V
+/UOVbdx16ZuDmGSOv9VmcwvWbdfFM6QF5kA0Pd66d/4yY2ld+pi465NDc8lUs9UzEZ3LaA7Hfi9
+3Z0awiVR2v4ldY/+sQ3t+7aZwCAHtfRWujmwdN8V92NpUbt2E5Id0tXAjqz/qT2KBwj5ZEnv1iK
CT+B3nm900RfDBIAmPX6oFkmDLGmD0fKI3VPwlcxHUs6Jh3Q7Q4wNX3eBz9cAACmWJtN2CikG912
siYV0O0MrPYJNXvFMI6IBgCYvZq0YKOerHe90f0no+OArvfArQbd8pVB+YmPyneszYgupLWbft+n
ekReXQDAzFBgMxTwPq62n231ienG+vBJmcZsNGk7mYjuKKDbGUSjgbc1+zypVwXiEgCgd0yizZJH
d8tM5Dba1o4pPw50vSfVXkRPxchacRZCAGCm6dOzETada20cz+0s4ZisdEC3qvdG8Vxv23ScahEA
gJmlVTC3atPafWV19SgczZ5AvSc6owJ67IVZsc/J/DcA9Jbi/21+ok2KH0jXZDuz27PSqYBu9+DU
jZ5A7TsmezWgp/P3awb9LgMA00CnNG7KdiO63v4yun4Yu1ZPoB8CGgCA3pWJ524fgSMiEdDtVHsm
mqcmnos5Q3yvvjoDAKg2uWYpprMaaaczM8uHM23a1eNA1/t6o6NvNJ+B7pMkNYEOAPSjvmmY+k3Y
bAlHu5O1k5nM7dqbCNtZsJ06jF2XdTXJ+6TvAQCa6mLTTGceNQvnyvXay91cBdFWQNc+UKboGz3B
qQnoyeyvw/uKaQCgn3TcLgV0VqO9NZl9zhxxI9u4FV15E2Gj2ed6g/ImQgAAJqNVUzYK6W7NQnf9
TITtRHPdwZvJBQCgkeoTKjZ5f12ns8oZXTkTYe32dmaYzUADANCJdjuzneUcnfRo12egazV6ZVD3
iZeaXiUifFcAYKbxb3utCd+Rmg2pvpwCLQO6Va23u1C7qCc4/fwRAAC9ZOa1SbYrm62HbnbbRuYk
x9tSqyfU8omWoo+OTQjMBNc+/d1x2NDS+NDmv4+rHvpO2/d71+FnxNnL/n18fefNceEdV7b1OIcP
HZwa27cf/kWcv+kzE7Z/5ri3xLMWHBE/evSO+NNf/21b+3rZkufEZUecE4+O7Ik//dXfxm177ouI
iK8/49JYPGdBalwVj48Oxwt/8p6O7gvQljr936wz6+6i1N0XEV0J6HZKvVFIA/SCUpTirYf9Yfxq
99b48a47pvSx7t27LXaN7m3zttvrbn//3V+KK447L5594JHxZ8t/P/7X1q823c9hT1kaf374K6IU
pfj4ln8Zi+eIiNv23BcHDc6ve7/j5q+IiIhNe+6LkfLohK/vKw+39TwAuqnTriyXy12J6a7PQNfT
6Ak2fKJmoYECHDAwFJeuPjve+KuPx/bhR6fscT5z/zfi2m3fn9Q+7tjzQHz03n+Kv1h1Zrz+kN+N
HzxyW2x8dFPD2//lqlfFwXMWxjd23hxfqpllP/fXn2h4v5ue/eGIiHjXHZ+PO/Y8MKkxA6Q1aN3a
o3BUb+/2bHM90/ImwlaX+04fDx1obuXQU+OS1a8uehht+cq278bXd94cTxmYE3+x8o/jwMF5dW/3
pqe9JH574bGx9fEdcfnmr0zzKIGe1sdNU2Rjdi2g2z2AdfXlvo5oYMb52s6fRjnKcfJBx8efLf/9
oofTlg9u/kpseXx7rJ63LC44/I8mfP3EBavjjYe+JEbKo/FfN18zpTPrANOl1cEspvp40FMyA93O
uyDFM9BrvvPwL+Mftm2MiIg3HPp78XuLTih4RK3tGN4VH9x8TQyXR+LlS58Tr1h60tjX5g3MjYtW
vSrmDcyNqx76dnzr4Z8XOFKA7mqnKaeqN6d8CUdE4ycoooFec/nmr8Qtj22OOaXBeM+qM2PV0LKi
h9TStx/+RXzhwW9HKUrx9sNeESufONLHOw8/PY6e97T4+WP3xP+49x8LHiVA9zRqyulqyyk/lXen
twEowuPl4bjozvWxbfiROHjOwnj/EefEU0rT8n7rSfnoln+KWx7bHEvmHBgXrTwr1i5+Zpy+9Hnx
2OjeuOzuq2O4PFL0EAG6rqjunJYZ6HoaP5mZd7BvoL/cvffB+MDdV8e+8kisOWBVvGvlxLXFvWa4
PBIfuPvq2DWyJ5678Oi4ePVZMVAaiE9svSF+ufveoocHMAn127DICdnen1YBKMA3f3NrfOa+r8eb
l58apx/8/Pj5Y/fG1Q/9W1f2ffGqs+LiVWe1vN3/vv8b8bEt/9z2fn+5e0t8+r6vxdsPe0UcMDAU
33vk1/F3D/zrZIYKQB09GNDlMAsN9IJP37chjj9gRfzuohPibYe9PH61e0v8dNddk95vuydSeWjf
w+l9n7Bg1djl4+Yvj5VDB8fmvdvS+wHoHb239LcHAxqgd6y766pYfdwhceS8Q+LS1a+O//zLj8Vv
Rh6b1D67cSKVes5Z9qJ46eIT45GR3bF577Z4+gGHxyWrXt32qb4BaE9ha6AB+sHDI7vj4rvWxyMj
u2P10LK4tEdPsvL0Aw6Pt6x4WZSjHB/b8s9x0Z3/J3YO74pnH3hkvHXFHxY9PIAZpesBPR2nTwSY
Trc+dk/8t3uui9Eox+8senr8l6etLXpI48wbmBsXrzo7DhgYig07fhJXP/RvcdfeB+Ov7/2HKEc5
/tMhvxMvOuj4oocJUIipaFMz0ABtuH77xrjqwW9HRMQbn/aSePGipxc8oiddcPgfxbHzl8fmvQ/F
BzdfM7b9+u03xfXbboq5pcF4z8ozY+mcAwscJcDMIaA7YZIdZqUP33NtbHx0U8wtDcZfrnxVHDg4
r+ghxcuXnhSnH/y8eLw8HH+1+csT1md/6J6/j9v33B/Ln7IkLlr1qoJGCfQsTdOR3gzo3nuzJUBE
RLz3zvVx3+M74+C5C+PUJc8sdCyrh5bFOw57ZZSiFJ+7///G9x+5bcJt9p9I5Uuxe/TxePGiNfG6
Q15cwEgBOtSjTdibAQ3Qox7Y95tYd/cXY+/ovphTGix0LJesPjsWz1kQGx/dFJ/YekPD2/10113x
qa0bIiLi3OWnxokLVk/XEAFmpN47jF2PvtIAqPj+I7fFx7f+S7zjsFd2dP83Hfof4pxlL2r79m+5
7dOxffjRcdveftgr4pkLjojtw4/GZXd/qeU+rnzg/8VzDjwqTln0W/HeVWfFn/zyo/FYG8eiBihc
D54ipPcCuu/14E8Z6Lq/e+Bf49/NXxEvX3pS+r6HDR2cun3tTPeLFz09/uOyU2I0yvHf77ku7mnz
RCnv3/yluHL++XHUvEPjXSvPiEvu+kJqHEC/MjvZbaVyixOJ1365cr36c+Wjcn10dHTc9tHR0Rgd
HY2RkZEYHR2N4eHhGBkZiZGRkXj5Q3/9xEii6udbGvvUToqWmlxrvrX+rVretnqspYjShGZuP6A7
S+3G95LuANB7midsPnBz9yiPu1iu6ZhWOyvXuZQfV2YvT9ymPO7auLH+41P/PAYHB2NwcDDmzJkT
AwMDMTg4GAMDAzEwMBClUmnso3I9IsZtr1yv/lzR6tB31kADAEBC7wS0/7oAAEAjPdSKvRPQAADQ
B2ZYQE9mBXCH9+2hV0MAAC113C4FdFaPmmEB3VhXO1c0AwAzQRebZjblUY8GdJ/8CGbWiykAYLbo
m4bpzSbs0YDu1GS+yZ3ftzd/tAAA402uWYrprF40wwIaAACmloCuYzpfI82s12MAwFTTKcUT0N1S
exbFgvhFB4DeUvy/zU+0SfEDmTEENAAAJPRuQBcykZt8aVZ9HvlO9wEAMKWq2qQ0cVN6H9Olh48U
0psBXZrMd0zAAgD0jkm02aSacOr0VkCXnviofKPb/H4XksxNf55TPSIvEgBgZiiwGQpo07afbbnq
wlgf9o7eCuhqGhEAYPbq4RbszYDu4W8YAADTpEebsPCAHqweQjkmfKN69Ps2Xl8MEgCY9fqgWSYM
saYPB4vP1+JH8LQ5i7q8x8aLZFr/ziQW2NQ9AgcAQI/r6EgczYOn+a66G0vdb8e8QgK69MQ7Kkul
Ujxz7soihtBA5y/Leuns8H3w4hIAZoVe+jd+cmPpnbp45tyV41qyCNMa0KVSacITfun8ExrcutMf
VHd+wJPbi2lpAKAXdN4k3Uvm7jZdpR2rm3K6Q7rwGehjY1m8bN4zihhG9/XOizMAgCfNkEZ52bxn
xLGxbPbMQNc+wcqrhVKpFG9duDaePXf1dA2lBWcjBABmij49C2Edz567Ot66cO24hqw2nTE97TPQ
1U+68jE8PByXHXRG/MFQzUx0r6+EKHR8vfHLDAB0qsB/y/ussf5g6Blx2UFnxPDwcN2WnPbhlcvl
pj+92i9Xrld/rnxUro+Ojo7bXrk+Ojo69jEyMjLhY3R0NG6LB+Pre38eNw/fE/eXH46RKLf9My41
udZ8a/1btbxtKcbNQJfKtXdq/wfa2Y++8b16/e8CAGaD5omcD+jcPcrjLpZruqXVzsp1LuXHldnL
k7cbjFIcWjoonjHn8HjJ0G/FMbEsBgYGYnBwcMLHwMDA2EepVBr7XPmoXI+ICdHdaClIqyif0+Zz
mRLVT6wS20ePPjWOnPOiGCmNTIjv2livaPEaAACAHtFsWW9tBA8ODsZAeSBKA6VxkVzU2ueKrgd0
uzFbr/xrv4Gjo6PjPtcL6HK5XPg3EQCA9lW3W70GrDeT3GrWuJGpaMVCZqCbRXPlSdb7RlXfvxLR
4hkAoD81asJGUd2qEadLYUs4ap98bUQPDOx/f2OztdYAAPSvRi3YbCa6+vZFKXQNdETjVxyVr0XE
hOUblm0AAMwMrWafe+GoG7UKD+iIia8iatc/197W7DMAwMzQaha6+na9EM8RBQR0bQDXrmdu582D
AhoAYGZo9t642sPQVd++0fXp0PWAzswQ18Zz5XqrheFmoQEA+l+zo3E0W/OcieapCOwpmYFuNMtc
/bnZ5er7Ndpvr0zhAwAwOe0cjaP66/UuV3+u3W+3TdkSjmZLNWq3NTocSfW22jcP1u4bAIDe16jh
Gh2hrd3D103n0o6uBXSzQK63rd7nytcrqtc/1+5PNAMA9J9m8dvO0TdazTpntnVqyt9EWBu99WK5
nTUttfcFAGDmaDeiW81IT0crdiWgW72pr3rZRe3l2iiuPXRdveUbAADMPPWWcTQ6kUqj27fafzdM
62Hs6oV0vWM91x66rlWgAwDQ/9qZha4O6urbTqeWAZ2N12ZPoN765WYzy41mn72BEACgfzVruVZv
JqzdXnu/RvdpVzu373gGuvZNgNXbMgNqtK3Z7HO9NyYCAND7aidGGx09o1VIZyK53uNNph/TAd0o
kmu3tzuo2uUa9Y66Ub30I7NvAAB6S7OVB7WXs28obBbV7Txuu6blRCrV2zP3r/emQwAAZqZ6SzKq
L2dnoKeqHScV0K2WcdQOup0Z6nr7FM8AALNDvSNtVD63mmFutDa60b471VZAt/tGwmbroevFdL0n
3uwkKwAAzHztRHTt9WZLNjKrINrR0Qx0vaCuF8/Vg2gVwvWCu959vIEQAKC/tdNzrZZzVF9udr3d
x8iY9BroZuFbu5SjndnkZrPY1fsCAKA/TeaoGa1iutH92n3sdpTKiYM8NzqcXPX22m3VR9WovdzO
ZwAAZqdmSzlqPze6XP250bZ615uZtlN5Z9cyV89aAwAwezSK23Y/t7vfjsc3mRno2m3tzCbXm4Vu
dhkAgNmrnSNqtFry0Ww/zbY1kpqBzh6No3bm2RE1AADIaPeQdJM5XF22T1Mz0BHtz0I3utxqW6PH
AABg9mm1nKPVtmaXm21rOqZsQEdMPqKbXW60fwAAZp92j+88XfEcEVGKCLUKAABtGih6AAAA0E8E
NAAAJAhoAABIENAAAJAgoAEAIEFAAwBAgoAGAIAEAQ0AAAkCGgAAEgQ0AAAkCGgAAEgQ0AAAkCCg
AQAgQUADAECCgAYAgIQ5RQ8AmL1e85rXxCWXXBIHH3xw0UOhj2zbti3WrVsX69evL3oowCxViohy
0YMAZqdf/OIX4pmObNu2LY4//viihwHMUpZwAABAgoAGCrNu3brYtm1b0cOgz1SWcAAUxRIOAABI
MAMNAAAJAhoAABIENAAAJAhoAABIENAAAJAgoAEAIEFAAwBAgoAGAIAEAQ0AAAkCGgAAEgQ0AAAk
/H/76+a3LnbpuAAAAABJRU5ErkJggg==
" width="800px"&gt;</msg>
<status status="PASS" starttime="20230816 09:58:23.244" endtime="20230816 09:58:24.183"/>
</kw>
<kw name="Close Application" library="AppiumLibrary">
<doc>Closes the current application and also close webdriver session.</doc>
<status status="PASS" starttime="20230816 09:58:24.183" endtime="20230816 09:58:24.694"/>
</kw>
<status status="PASS" starttime="20230816 09:58:23.244" endtime="20230816 09:58:24.694"/>
</kw>
<status status="PASS" starttime="20230816 09:57:58.880" endtime="20230816 09:58:24.694"/>
</suite>
<statistics>
<total>
<stat pass="2" fail="0" skip="0">All Tests</stat>
</total>
<tag>
</tag>
<suite>
<stat pass="2" fail="0" skip="0" id="s1" name="appDietStep">appDietStep</stat>
</suite>
</statistics>
<errors>
<msg timestamp="20230816 09:58:21.465" level="WARN">Keyword 'AppiumLibrary.Tap' is deprecated. Since selenium v4, use `Tap With Positions` keyword.</msg>
<msg timestamp="20230816 09:58:22.267" level="WARN">Keyword 'AppiumLibrary.Tap' is deprecated. Since selenium v4, use `Tap With Positions` keyword.</msg>
</errors>
</robot>
